<?xml version="1.0" encoding="utf-8"?><testsuites name="pytest tests"><testsuite name="pytest" errors="0" failures="0" skipped="0" tests="8" time="6.499" timestamp="2026-05-02T23:42:04.953461+00:00" hostname="agent-env-1b3680ce-05a8-46af-8734-bf5e8573b370"><testcase classname="backend.tests.test_image_assets" name="test_public_image_assets_returns_active_only" time="0.268" /><testcase classname="backend.tests.test_image_assets" name="test_admin_image_assets_unauth_is_401" time="0.107" /><testcase classname="backend.tests.test_image_assets" name="test_admin_image_assets_list_as_super_admin" time="0.393" /><testcase classname="backend.tests.test_image_assets" name="test_admin_image_assets_unprivileged_is_403" time="0.749" /><testcase classname="backend.tests.test_image_assets" name="test_admin_patch_unknown_slot_is_404" time="0.047" /><testcase classname="backend.tests.test_image_assets" name="test_admin_patch_updates_and_persists" time="0.256" /><testcase classname="backend.tests.test_image_assets" name="test_admin_toggle_active_changes_public_visibility" time="0.327" /><testcase classname="backend.tests.test_image_assets" name="test_seed_preserves_admin_edits" time="4.280" /></testsuite></testsuites>