<?xml version="1.0" encoding="utf-8"?><testsuites name="pytest tests"><testsuite name="pytest" errors="0" failures="0" skipped="0" tests="183" time="73.769" timestamp="2026-05-09T07:06:03.381081+00:00" hostname="agent-env-1b3680ce-05a8-46af-8734-bf5e8573b370"><testcase classname="backend.tests.test_admin_ordering" name="test_header_nav_order_round_trip" time="0.603" /><testcase classname="backend.tests.test_admin_ordering" name="test_header_nav_hidden_item_not_in_array" time="0.396" /><testcase classname="backend.tests.test_admin_ordering" name="test_categories_reorder_endpoint_changes_public_order" time="0.263" /><testcase classname="backend.tests.test_admin_ordering" name="test_authors_reorder_endpoint_changes_admin_order" time="0.232" /><testcase classname="backend.tests.test_admin_ordering" name="test_home_visible_sections_order_persists" time="0.239" /><testcase classname="backend.tests.test_admin_ordering" name="test_home_objectives_array_reorder_persists" time="0.293" /><testcase classname="backend.tests.test_admin_to_public_full_audit" name="test_site_settings_field_propagates[site_name_ar-\u0645\u0631\u0643\u0632 \u0627\u0644\u0627\u062e\u062a\u0628\u0627\u0631]" time="0.680" /><testcase classname="backend.tests.test_admin_to_public_full_audit" name="test_site_settings_field_propagates[site_name_en-Test Center]" time="0.344" /><testcase classname="backend.tests.test_admin_to_public_full_audit" name="test_site_settings_field_propagates[tagline_ar-\u0634\u0639\u0627\u0631 \u0627\u062e\u062a\u0628\u0627\u0631]" time="0.344" /><testcase classname="backend.tests.test_admin_to_public_full_audit" name="test_site_settings_field_propagates[tagline_en-Test tagline]" time="0.352" /><testcase classname="backend.tests.test_admin_to_public_full_audit" name="test_site_settings_field_propagates[contact_email-test-contact@example.com]" time="0.358" /><testcase classname="backend.tests.test_admin_to_public_full_audit" name="test_site_settings_field_propagates[phone-+966500000000]" time="0.350" /><testcase classname="backend.tests.test_admin_to_public_full_audit" name="test_site_settings_field_propagates[address_ar-\u0639\u0646\u0648\u0627\u0646 \u0627\u062e\u062a\u0628\u0627\u0631]" time="0.358" /><testcase classname="backend.tests.test_admin_to_public_full_audit" name="test_site_settings_field_propagates[address_en-Test address]" time="0.370" /><testcase classname="backend.tests.test_admin_to_public_full_audit" name="test_site_settings_field_propagates[footer_text_ar-\u062a\u0630\u064a\u064a\u0644 \u0627\u062e\u062a\u0628\u0627\u0631 {year}]" time="0.334" /><testcase classname="backend.tests.test_admin_to_public_full_audit" name="test_site_settings_field_propagates[footer_text_en-Test footer {year}]" time="0.347" /><testcase classname="backend.tests.test_admin_to_public_full_audit" name="test_site_settings_default_language" time="0.405" /><testcase classname="backend.tests.test_admin_to_public_full_audit" name="test_site_settings_active_theme" time="0.394" /><testcase classname="backend.tests.test_admin_to_public_full_audit" name="test_site_settings_social_links" time="0.236" /><testcase classname="backend.tests.test_admin_to_public_full_audit" name="test_branding_field_propagates[logo_url-https://example.com/test-logo.svg]" time="0.286" /><testcase classname="backend.tests.test_admin_to_public_full_audit" name="test_branding_field_propagates[logo_light_url-https://example.com/test-logo-light.svg]" time="0.251" /><testcase classname="backend.tests.test_admin_to_public_full_audit" name="test_branding_field_propagates[favicon_url-https://example.com/test-favicon.ico]" time="0.239" /><testcase classname="backend.tests.test_admin_to_public_full_audit" name="test_branding_field_propagates[primary_color-#FF0099]" time="0.233" /><testcase classname="backend.tests.test_admin_to_public_full_audit" name="test_branding_field_propagates[secondary_color-#00FF99]" time="0.285" /><testcase classname="backend.tests.test_admin_to_public_full_audit" name="test_branding_field_propagates[accent_color-#9900FF]" time="0.239" /><testcase classname="backend.tests.test_admin_to_public_full_audit" name="test_branding_field_propagates[background_color-#F0F0F0]" time="0.248" /><testcase classname="backend.tests.test_admin_to_public_full_audit" name="test_branding_field_propagates[text_color-#222222]" time="0.246" /><testcase classname="backend.tests.test_admin_to_public_full_audit" name="test_branding_field_propagates[muted_text_color-#888888]" time="0.244" /><testcase classname="backend.tests.test_admin_to_public_full_audit" name="test_branding_field_propagates[font_ar-IBM Plex Sans Arabic]" time="0.236" /><testcase classname="backend.tests.test_admin_to_public_full_audit" name="test_branding_field_propagates[font_en-Source Serif 4]" time="0.236" /><testcase classname="backend.tests.test_admin_to_public_full_audit" name="test_home_field_propagates[hero_eyebrow_ar-\u0627\u062e\u062a\u0628\u0627\u0631 \u0627\u0644\u0639\u0646\u0648\u0627\u0646 \u0627\u0644\u0641\u0648\u0642\u064a]" time="0.238" /><testcase classname="backend.tests.test_admin_to_public_full_audit" name="test_home_field_propagates[hero_eyebrow_en-Test eyebrow]" time="0.238" /><testcase classname="backend.tests.test_admin_to_public_full_audit" name="test_home_field_propagates[hero_title_ar-\u0627\u062e\u062a\u0628\u0627\u0631\n\u0639\u0646\u0648\u0627\u0646 \u0631\u0626\u064a\u0633\u064a]" time="0.264" /><testcase classname="backend.tests.test_admin_to_public_full_audit" name="test_home_field_propagates[hero_title_en-Test\nMain title]" time="0.242" /><testcase classname="backend.tests.test_admin_to_public_full_audit" name="test_home_field_propagates[hero_subtitle_ar-\u0627\u062e\u062a\u0628\u0627\u0631 \u0627\u0644\u0639\u0646\u0648\u0627\u0646 \u0627\u0644\u0641\u0631\u0639\u064a]" time="0.265" /><testcase classname="backend.tests.test_admin_to_public_full_audit" name="test_home_field_propagates[hero_subtitle_en-Test subtitle]" time="0.238" /><testcase classname="backend.tests.test_admin_to_public_full_audit" name="test_home_field_propagates[hero_cta_primary_ar-\u0627\u062e\u062a\u0628\u0627\u0631 CTA]" time="0.264" /><testcase classname="backend.tests.test_admin_to_public_full_audit" name="test_home_field_propagates[hero_cta_primary_en-Test CTA]" time="0.233" /><testcase classname="backend.tests.test_admin_to_public_full_audit" name="test_home_field_propagates[hero_cta_secondary_ar-\u062b\u0627\u0646\u0648\u064a \u0627\u062e\u062a\u0628\u0627\u0631]" time="0.239" /><testcase classname="backend.tests.test_admin_to_public_full_audit" name="test_home_field_propagates[hero_cta_secondary_en-Test secondary]" time="0.253" /><testcase classname="backend.tests.test_admin_to_public_full_audit" name="test_home_field_propagates[about_ar-\u0627\u062e\u062a\u0628\u0627\u0631 \u0639\u0646 \u0627\u0644\u0645\u0631\u0643\u0632]" time="0.249" /><testcase classname="backend.tests.test_admin_to_public_full_audit" name="test_home_field_propagates[about_en-Test about]" time="0.245" /><testcase classname="backend.tests.test_admin_to_public_full_audit" name="test_home_field_propagates[about_extended_ar-\u0627\u062e\u062a\u0628\u0627\u0631 \u062a\u0641\u0627\u0635\u064a\u0644 \u0639\u0646 \u0627\u0644\u0645\u0631\u0643\u0632]" time="0.246" /><testcase classname="backend.tests.test_admin_to_public_full_audit" name="test_home_field_propagates[about_extended_en-Test about extended]" time="0.249" /><testcase classname="backend.tests.test_admin_to_public_full_audit" name="test_home_field_propagates[mission_ar-\u0627\u062e\u062a\u0628\u0627\u0631 \u0627\u0644\u0631\u0633\u0627\u0644\u0629]" time="0.248" /><testcase classname="backend.tests.test_admin_to_public_full_audit" name="test_home_field_propagates[mission_en-Test mission]" time="0.263" /><testcase classname="backend.tests.test_admin_to_public_full_audit" name="test_home_field_propagates[vision_ar-\u0627\u062e\u062a\u0628\u0627\u0631 \u0627\u0644\u0631\u0624\u064a\u0629]" time="0.247" /><testcase classname="backend.tests.test_admin_to_public_full_audit" name="test_home_field_propagates[vision_en-Test vision]" time="0.237" /><testcase classname="backend.tests.test_admin_to_public_full_audit" name="test_home_visible_sections" time="0.246" /><testcase classname="backend.tests.test_admin_to_public_full_audit" name="test_home_objectives_array" time="0.240" /><testcase classname="backend.tests.test_admin_to_public_full_audit" name="test_publication_status_change_propagates" time="0.481" /><testcase classname="backend.tests.test_admin_to_public_full_audit" name="test_publication_access_level_registered_gates_content" time="0.561" /><testcase classname="backend.tests.test_admin_to_public_full_audit" name="test_publication_pdf_access_disabled_returns_404" time="0.559" /><testcase classname="backend.tests.test_admin_to_public_full_audit" name="test_publication_featured_filter" time="0.434" /><testcase classname="backend.tests.test_admin_to_public_full_audit" name="test_publication_field_edits_propagate" time="0.291" /><testcase classname="backend.tests.test_admin_to_public_full_audit" name="test_image_asset_url_change_propagates" time="0.236" /><testcase classname="backend.tests.test_admin_to_public_full_audit" name="test_image_asset_inactive_hidden_from_public" time="0.406" /><testcase classname="backend.tests.test_admin_to_public_full_audit" name="test_author_create_edit_archive_propagates" time="0.504" /><testcase classname="backend.tests.test_admin_to_public_full_audit" name="test_category_active_toggle_propagates" time="0.349" /><testcase classname="backend.tests.test_admin_to_public_full_audit" name="test_toggles_pdf_download_still_propagates" time="0.742" /><testcase classname="backend.tests.test_admin_to_public_full_audit" name="test_response_approval_makes_it_publicly_visible" time="0.643" /><testcase classname="backend.tests.test_admin_to_public_toggles" name="test_pdf_token_endpoint_blocked_when_pdf_download_disabled" time="1.071" /><testcase classname="backend.tests.test_admin_to_public_toggles" name="test_pdf_stream_endpoint_blocked_when_pdf_download_disabled" time="0.513" /><testcase classname="backend.tests.test_admin_to_public_toggles" name="test_publication_detail_surfaces_pdf_flag" time="0.401" /><testcase classname="backend.tests.test_admin_to_public_toggles" name="test_gated_content_disabled_unlocks_full_html_for_anonymous" time="0.811" /><testcase classname="backend.tests.test_admin_to_public_toggles" name="test_register_endpoint_blocked_when_registration_disabled" time="0.298" /><testcase classname="backend.tests.test_admin_to_public_toggles" name="test_publication_detail_surfaces_registration_flag" time="0.497" /><testcase classname="backend.tests.test_admin_to_public_toggles" name="test_per_publication_pdf_disabled_returns_403_even_when_global_on" time="0.301" /><testcase classname="backend.tests.test_admin_to_public_toggles" name="test_per_publication_login_required_pdf_still_401_anon" time="0.326" /><testcase classname="backend.tests.test_hero_media" name="test_public_hero_media_shape" time="0.116" /><testcase classname="backend.tests.test_hero_media" name="test_admin_hero_media_list" time="0.373" /><testcase classname="backend.tests.test_hero_media" name="test_admin_hero_media_unauth" time="0.098" /><testcase classname="backend.tests.test_hero_media" name="test_patch_home_and_persist" time="0.177" /><testcase classname="backend.tests.test_hero_media" name="test_patch_about_creates_record" time="0.264" /><testcase classname="backend.tests.test_hero_media" name="test_patch_invalid_overlay_opacity" time="0.047" /><testcase classname="backend.tests.test_hero_media" name="test_patch_invalid_focal_x_negative" time="0.049" /><testcase classname="backend.tests.test_hero_media" name="test_patch_invalid_focal_x_over" time="0.047" /><testcase classname="backend.tests.test_hero_media" name="test_delete_home_falls_back_to_default" time="0.320" /><testcase classname="backend.tests.test_hero_media" name="test_delete_default_forbidden" time="0.049" /><testcase classname="backend.tests.test_hero_media" name="test_patch_unknown_page_key" time="0.047" /><testcase classname="backend.tests.test_hero_media" name="test_zzz_restore_seeded_state" time="0.298" /><testcase classname="backend.tests.test_image_assets" name="test_admin_image_assets_unauth_is_401" time="0.467" /><testcase classname="backend.tests.test_image_assets" name="test_admin_image_assets_unprivileged_is_403" time="0.767" /><testcase classname="backend.tests.test_image_assets" name="test_admin_patch_unknown_slot_is_404" time="0.096" /><testcase classname="backend.tests.test_image_assets" name="test_admin_patch_updates_and_persists" time="0.312" /><testcase classname="backend.tests.test_image_assets" name="test_admin_toggle_active_changes_public_visibility" time="0.342" /><testcase classname="backend.tests.test_image_assets" name="test_seed_preserves_admin_edits" time="4.374" /><testcase classname="backend.tests.test_lizam_backend.TestHealth" name="test_healthz" time="0.135" /><testcase classname="backend.tests.test_lizam_backend.TestPublicSiteSettings" name="test_site_settings_seeded" time="0.102" /><testcase classname="backend.tests.test_lizam_backend.TestPublicHomeContent" name="test_home_content_seeded" time="0.110" /><testcase classname="backend.tests.test_lizam_backend.TestPublicPublications" name="test_publications_list_and_fields" time="0.104" /><testcase classname="backend.tests.test_lizam_backend.TestPublicAuthors" name="test_authors_list" time="0.100" /><testcase classname="backend.tests.test_lizam_backend.TestPublicCategories" name="test_categories_list" time="0.099" /><testcase classname="backend.tests.test_lizam_backend.TestAuth" name="test_login_wrong_password" time="0.328" /><testcase classname="backend.tests.test_lizam_backend.TestAuth" name="test_login_admin_success_sets_cookies" time="0.330" /><testcase classname="backend.tests.test_lizam_backend.TestAuth" name="test_me_requires_auth" time="0.108" /><testcase classname="backend.tests.test_lizam_backend.TestAuth" name="test_me_with_cookies" time="0.386" /><testcase classname="backend.tests.test_lizam_backend.TestAuth" name="test_register_new_user_then_duplicate" time="0.427" /><testcase classname="backend.tests.test_lizam_backend.TestAuth" name="test_logout_clears_cookies" time="0.423" /><testcase classname="backend.tests.test_lizam_backend.TestAuth" name="test_refresh_issues_new_access_token" time="0.413" /><testcase classname="backend.tests.test_lizam_backend.TestAdminOverview" name="test_overview_requires_auth" time="0.101" /><testcase classname="backend.tests.test_lizam_backend.TestAdminOverview" name="test_overview_as_admin" time="0.401" /><testcase classname="backend.tests.test_lizam_backend.TestAdminOverview" name="test_overview_registered_user_forbidden" time="0.371" /><testcase classname="backend.tests.test_lizam_phase2.TestPhase1Regression" name="test_healthz" time="0.100" /><testcase classname="backend.tests.test_lizam_phase2.TestPhase1Regression" name="test_admin_login_me" time="0.409" /><testcase classname="backend.tests.test_lizam_phase2.TestPhase1Regression" name="test_admin_overview_requires_auth" time="0.102" /><testcase classname="backend.tests.test_lizam_phase2.TestPhase1Regression" name="test_admin_overview_authed" time="0.057" /><testcase classname="backend.tests.test_lizam_phase2.TestSiteSettingsRefined" name="test_taglines_and_font" time="0.121" /><testcase classname="backend.tests.test_lizam_phase2.TestHomeContentRefined" name="test_hero_and_mission_vision_and_objectives_fields" time="0.104" /><testcase classname="backend.tests.test_lizam_phase2.TestPublicationsList" name="test_list_limit3_shape_no_content_html" time="0.130" /><testcase classname="backend.tests.test_lizam_phase2.TestPublicationsList" name="test_arabic_search_zaka" time="0.104" /><testcase classname="backend.tests.test_lizam_phase2.TestPublicationsList" name="test_sort_most_viewed_desc" time="0.106" /><testcase classname="backend.tests.test_lizam_phase2.TestPublicationsList" name="test_filter_by_category" time="0.324" /><testcase classname="backend.tests.test_lizam_phase2.TestPublicationsList" name="test_filter_by_pub_type_policy_paper" time="0.112" /><testcase classname="backend.tests.test_lizam_phase2.TestPublicationDetailPublic" name="test_public_pub2_full_content_and_hydration" time="0.515" /><testcase classname="backend.tests.test_lizam_phase2.TestPublicationDetailPublic" name="test_non_existent_slug_returns_404" time="0.113" /><testcase classname="backend.tests.test_lizam_phase2.TestPublicationDetailGated" name="test_preview_login_without_auth_returns_preview" time="0.107" /><testcase classname="backend.tests.test_lizam_phase2.TestPublicationDetailGated" name="test_preview_login_with_admin_auth_returns_full" time="0.055" /><testcase classname="backend.tests.test_lizam_phase2.TestPublicationDetailGated" name="test_registered_without_auth_is_gated_empty" time="0.108" /><testcase classname="backend.tests.test_lizam_phase2.TestPublicationDetailGated" name="test_registered_with_admin_auth_returns_full" time="0.137" /><testcase classname="backend.tests.test_lizam_phase2.TestPdfAccess" name="test_public_pdf_no_auth_returns_url" time="0.091" /><testcase classname="backend.tests.test_lizam_phase2.TestPdfAccess" name="test_login_required_pdf_no_auth_401" time="0.096" /><testcase classname="backend.tests.test_lizam_phase2.TestPdfAccess" name="test_login_required_pdf_with_admin_auth" time="0.055" /><testcase classname="backend.tests.test_lizam_phase2.TestResponsesLive" name="test_responses_rejects_missing_fields" time="0.132" /><testcase classname="backend.tests.test_lizam_phase3.TestAuth" name="test_login_sets_httponly_cookies" time="0.354" /><testcase classname="backend.tests.test_lizam_phase3.TestAuth" name="test_me_authed" time="0.396" /><testcase classname="backend.tests.test_lizam_phase3.TestAuth" name="test_me_unauth_401" time="0.133" /><testcase classname="backend.tests.test_lizam_phase3.TestAuth" name="test_admin_overview_role_guards" time="0.173" /><testcase classname="backend.tests.test_lizam_phase3.TestRateLimit" name="test_login_rate_limit_after_burst" time="0.760" /><testcase classname="backend.tests.test_lizam_phase3.TestPublic" name="test_site_settings" time="0.103" /><testcase classname="backend.tests.test_lizam_phase3.TestPublic" name="test_home_content" time="0.095" /><testcase classname="backend.tests.test_lizam_phase3.TestPublic" name="test_publications_list" time="0.102" /><testcase classname="backend.tests.test_lizam_phase3.TestPublic" name="test_publication_detail_full_hydration" time="0.105" /><testcase classname="backend.tests.test_lizam_phase3.TestTokenizedPdf" name="test_public_pdf_returns_stream_url" time="0.106" /><testcase classname="backend.tests.test_lizam_phase3.TestTokenizedPdf" name="test_pdf_stream_rejects_bad_token" time="0.101" /><testcase classname="backend.tests.test_lizam_phase3.TestTokenizedPdf" name="test_login_required_pdf_gated_unauth" time="0.103" /><testcase classname="backend.tests.test_lizam_phase3.TestTokenizedPdf" name="test_login_required_pdf_admin_gets_token" time="0.058" /><testcase classname="backend.tests.test_lizam_phase3.TestTokenizedPdf" name="test_pdf_stream_valid_token_serves_pdf" time="0.114" /><testcase classname="backend.tests.test_lizam_phase3.TestAdminSiteSettings" name="test_get_and_patch_site_settings" time="0.335" /><testcase classname="backend.tests.test_lizam_phase3.TestAdminSiteSettings" name="test_site_settings_requires_auth" time="0.104" /><testcase classname="backend.tests.test_lizam_phase3.TestAdminBranding" name="test_get_and_patch_branding" time="0.112" /><testcase classname="backend.tests.test_lizam_phase3.TestAdminHome" name="test_get_and_patch_home" time="0.158" /><testcase classname="backend.tests.test_lizam_phase3.TestAdminPublicationsCrud" name="test_01_create_sanitizes_html" time="0.065" /><testcase classname="backend.tests.test_lizam_phase3.TestAdminPublicationsCrud" name="test_02_get_persists" time="0.073" /><testcase classname="backend.tests.test_lizam_phase3.TestAdminPublicationsCrud" name="test_03_patch_updates" time="0.056" /><testcase classname="backend.tests.test_lizam_phase3.TestAdminPublicationsCrud" name="test_04_archive_deletes" time="0.103" /><testcase classname="backend.tests.test_lizam_phase3.TestAdminPublicationsCrud" name="test_05_unauth_forbidden" time="0.106" /><testcase classname="backend.tests.test_lizam_phase3.TestAdminAuthors" name="test_create_list_update_delete" time="0.212" /><testcase classname="backend.tests.test_lizam_phase3.TestAdminCategories" name="test_create_list_delete" time="0.162" /><testcase classname="backend.tests.test_lizam_phase3.TestAdminUsersRoles" name="test_list_users" time="0.060" /><testcase classname="backend.tests.test_lizam_phase3.TestAdminUsersRoles" name="test_list_roles" time="0.050" /><testcase classname="backend.tests.test_lizam_phase3.TestAdminToggles" name="test_get_and_patch_toggles" time="0.248" /><testcase classname="backend.tests.test_lizam_phase3.TestSeedIdempotency" name="test_admin_edit_survives_restart" time="3.229" /><testcase classname="backend.tests.test_phase4_phase5" name="test_contact_accepts_valid_submission" time="0.130" /><testcase classname="backend.tests.test_phase4_phase5" name="test_contact_rejects_missing_consent" time="0.103" /><testcase classname="backend.tests.test_phase4_phase5" name="test_contact_rejects_invalid_email" time="0.127" /><testcase classname="backend.tests.test_phase4_phase5" name="test_response_submit_sanitizes_xss" time="0.105" /><testcase classname="backend.tests.test_phase4_phase5" name="test_response_submit_rejects_unknown_publication" time="0.104" /><testcase classname="backend.tests.test_phase4_phase5" name="test_response_submit_requires_consent" time="0.107" /><testcase classname="backend.tests.test_phase4_phase5" name="test_public_approved_responses_visible" time="17.775" /><testcase classname="backend.tests.test_phase4_phase5" name="test_admin_list_responses_requires_permission" time="0.106" /><testcase classname="backend.tests.test_phase4_phase5" name="test_admin_moderate_workflow" time="0.307" /><testcase classname="backend.tests.test_phase4_phase5" name="test_google_status_defaults_disabled" time="0.100" /><testcase classname="backend.tests.test_phase4_phase5" name="test_google_callback_rejected_when_disabled" time="0.154" /><testcase classname="backend.tests.test_phase4_phase5" name="test_google_callback_invalid_session_id" time="0.212" /><testcase classname="backend.tests.test_phase4_phase5" name="test_login_rate_limiter_locks_after_5_failures" time="0.617" /><testcase classname="backend.tests.test_phase4_phase5" name="test_admin_audit_endpoint_requires_auth" time="0.099" /><testcase classname="backend.tests.test_phase4_phase5" name="test_admin_audit_returns_entries" time="0.103" /><testcase classname="backend.tests.test_theme_b" name="test_public_site_settings_has_active_theme" time="0.102" /><testcase classname="backend.tests.test_theme_b" name="test_admin_patch_theme_A_then_B" time="0.618" /><testcase classname="backend.tests.test_theme_b" name="test_admin_patch_invalid_theme_rejected[X]" time="0.047" /><testcase classname="backend.tests.test_theme_b" name="test_admin_patch_invalid_theme_rejected[]" time="0.045" /><testcase classname="backend.tests.test_theme_b" name="test_admin_patch_invalid_theme_rejected[a]" time="0.047" /><testcase classname="backend.tests.test_theme_b" name="test_admin_patch_invalid_theme_rejected[b]" time="0.046" /><testcase classname="backend.tests.test_theme_b" name="test_admin_patch_invalid_theme_rejected[C]" time="0.046" /><testcase classname="backend.tests.test_theme_b" name="test_admin_patch_invalid_theme_rejected[ab]" time="0.045" /><testcase classname="backend.tests.test_theme_b" name="test_admin_patch_none_theme_is_ignored" time="0.297" /><testcase classname="backend.tests.test_theme_b" name="test_seed_idempotency_preserves_admin_theme" time="4.128" /><testcase classname="backend.tests.test_theme_b" name="test_admin_patch_branding_fonts" time="0.050" /><testcase classname="backend.tests.test_uploads_api_path.TestImageUpload" name="test_upload_image_returns_api_uploads_url" time="0.526" /><testcase classname="backend.tests.test_uploads_api_path.TestImageUpload" name="test_legacy_uploads_path_returns_html_fallback" time="0.157" /><testcase classname="backend.tests.test_uploads_api_path.TestPdfUpload" name="test_upload_pdf_returns_api_uploads_url" time="0.150" /><testcase classname="backend.tests.test_uploads_api_path.TestUploadAuth" name="test_upload_requires_auth" time="0.114" /></testsuite></testsuites>