<?xml version="1.0" encoding="utf-8"?><testsuites name="pytest tests"><testsuite name="pytest" errors="0" failures="0" skipped="0" tests="100" time="31.443" timestamp="2026-05-03T00:57:59.251280+00:00" hostname="agent-env-1b3680ce-05a8-46af-8734-bf5e8573b370"><testcase classname="tests.test_image_assets" name="test_public_image_assets_returns_active_only" time="0.261" /><testcase classname="tests.test_image_assets" name="test_admin_image_assets_unauth_is_401" time="0.112" /><testcase classname="tests.test_image_assets" name="test_admin_image_assets_list_as_super_admin" time="0.397" /><testcase classname="tests.test_image_assets" name="test_admin_image_assets_unprivileged_is_403" time="0.732" /><testcase classname="tests.test_image_assets" name="test_admin_patch_unknown_slot_is_404" time="0.054" /><testcase classname="tests.test_image_assets" name="test_admin_patch_updates_and_persists" time="0.283" /><testcase classname="tests.test_image_assets" name="test_admin_toggle_active_changes_public_visibility" time="0.332" /><testcase classname="tests.test_image_assets" name="test_seed_preserves_admin_edits" time="4.446" /><testcase classname="tests.test_lizam_backend.TestHealth" name="test_healthz" time="0.095" /><testcase classname="tests.test_lizam_backend.TestPublicSiteSettings" name="test_site_settings_seeded" time="0.134" /><testcase classname="tests.test_lizam_backend.TestPublicHomeContent" name="test_home_content_seeded" time="0.105" /><testcase classname="tests.test_lizam_backend.TestPublicPublications" name="test_publications_list_and_fields" time="0.108" /><testcase classname="tests.test_lizam_backend.TestPublicAuthors" name="test_authors_list" time="0.110" /><testcase classname="tests.test_lizam_backend.TestPublicCategories" name="test_categories_list" time="0.126" /><testcase classname="tests.test_lizam_backend.TestAuth" name="test_login_wrong_password" time="0.328" /><testcase classname="tests.test_lizam_backend.TestAuth" name="test_login_admin_success_sets_cookies" time="0.343" /><testcase classname="tests.test_lizam_backend.TestAuth" name="test_me_requires_auth" time="0.115" /><testcase classname="tests.test_lizam_backend.TestAuth" name="test_me_with_cookies" time="0.382" /><testcase classname="tests.test_lizam_backend.TestAuth" name="test_register_new_user_then_duplicate" time="0.459" /><testcase classname="tests.test_lizam_backend.TestAuth" name="test_logout_clears_cookies" time="0.490" /><testcase classname="tests.test_lizam_backend.TestAuth" name="test_refresh_issues_new_access_token" time="0.432" /><testcase classname="tests.test_lizam_backend.TestAdminOverview" name="test_overview_requires_auth" time="0.111" /><testcase classname="tests.test_lizam_backend.TestAdminOverview" name="test_overview_as_admin" time="0.394" /><testcase classname="tests.test_lizam_backend.TestAdminOverview" name="test_overview_registered_user_forbidden" time="0.453" /><testcase classname="tests.test_lizam_phase2.TestPhase1Regression" name="test_healthz" time="0.135" /><testcase classname="tests.test_lizam_phase2.TestPhase1Regression" name="test_admin_login_me" time="0.380" /><testcase classname="tests.test_lizam_phase2.TestPhase1Regression" name="test_admin_overview_requires_auth" time="0.134" /><testcase classname="tests.test_lizam_phase2.TestPhase1Regression" name="test_admin_overview_authed" time="0.055" /><testcase classname="tests.test_lizam_phase2.TestSiteSettingsRefined" name="test_taglines_and_font" time="0.114" /><testcase classname="tests.test_lizam_phase2.TestHomeContentRefined" name="test_hero_and_mission_vision_and_objectives_fields" time="0.125" /><testcase classname="tests.test_lizam_phase2.TestPublicationsList" name="test_list_limit3_shape_no_content_html" time="0.131" /><testcase classname="tests.test_lizam_phase2.TestPublicationsList" name="test_arabic_search_zaka" time="0.112" /><testcase classname="tests.test_lizam_phase2.TestPublicationsList" name="test_sort_most_viewed_desc" time="0.112" /><testcase classname="tests.test_lizam_phase2.TestPublicationsList" name="test_filter_by_category" time="0.332" /><testcase classname="tests.test_lizam_phase2.TestPublicationsList" name="test_filter_by_pub_type_policy_paper" time="0.114" /><testcase classname="tests.test_lizam_phase2.TestPublicationDetailPublic" name="test_public_pub2_full_content_and_hydration" time="0.563" /><testcase classname="tests.test_lizam_phase2.TestPublicationDetailPublic" name="test_non_existent_slug_returns_404" time="0.137" /><testcase classname="tests.test_lizam_phase2.TestPublicationDetailGated" name="test_preview_login_without_auth_returns_preview" time="0.116" /><testcase classname="tests.test_lizam_phase2.TestPublicationDetailGated" name="test_preview_login_with_admin_auth_returns_full" time="0.066" /><testcase classname="tests.test_lizam_phase2.TestPublicationDetailGated" name="test_registered_without_auth_is_gated_empty" time="0.118" /><testcase classname="tests.test_lizam_phase2.TestPublicationDetailGated" name="test_registered_with_admin_auth_returns_full" time="0.057" /><testcase classname="tests.test_lizam_phase2.TestPdfAccess" name="test_public_pdf_no_auth_returns_url" time="0.134" /><testcase classname="tests.test_lizam_phase2.TestPdfAccess" name="test_login_required_pdf_no_auth_401" time="0.131" /><testcase classname="tests.test_lizam_phase2.TestPdfAccess" name="test_login_required_pdf_with_admin_auth" time="0.053" /><testcase classname="tests.test_lizam_phase2.TestResponsesLive" name="test_responses_rejects_missing_fields" time="0.152" /><testcase classname="tests.test_lizam_phase3.TestAuth" name="test_login_sets_httponly_cookies" time="0.331" /><testcase classname="tests.test_lizam_phase3.TestAuth" name="test_me_authed" time="0.384" /><testcase classname="tests.test_lizam_phase3.TestAuth" name="test_me_unauth_401" time="0.105" /><testcase classname="tests.test_lizam_phase3.TestAuth" name="test_admin_overview_role_guards" time="0.152" /><testcase classname="tests.test_lizam_phase3.TestRateLimit" name="test_login_rate_limit_after_burst" time="0.799" /><testcase classname="tests.test_lizam_phase3.TestPublic" name="test_site_settings" time="0.105" /><testcase classname="tests.test_lizam_phase3.TestPublic" name="test_home_content" time="0.108" /><testcase classname="tests.test_lizam_phase3.TestPublic" name="test_publications_list" time="0.107" /><testcase classname="tests.test_lizam_phase3.TestPublic" name="test_publication_detail_full_hydration" time="0.119" /><testcase classname="tests.test_lizam_phase3.TestTokenizedPdf" name="test_public_pdf_returns_stream_url" time="0.110" /><testcase classname="tests.test_lizam_phase3.TestTokenizedPdf" name="test_pdf_stream_rejects_bad_token" time="0.122" /><testcase classname="tests.test_lizam_phase3.TestTokenizedPdf" name="test_login_required_pdf_gated_unauth" time="0.108" /><testcase classname="tests.test_lizam_phase3.TestTokenizedPdf" name="test_login_required_pdf_admin_gets_token" time="0.052" /><testcase classname="tests.test_lizam_phase3.TestTokenizedPdf" name="test_pdf_stream_valid_token_serves_pdf" time="0.100" /><testcase classname="tests.test_lizam_phase3.TestAdminSiteSettings" name="test_get_and_patch_site_settings" time="0.311" /><testcase classname="tests.test_lizam_phase3.TestAdminSiteSettings" name="test_site_settings_requires_auth" time="0.106" /><testcase classname="tests.test_lizam_phase3.TestAdminBranding" name="test_get_and_patch_branding" time="0.103" /><testcase classname="tests.test_lizam_phase3.TestAdminHome" name="test_get_and_patch_home" time="0.162" /><testcase classname="tests.test_lizam_phase3.TestAdminPublicationsCrud" name="test_01_create_sanitizes_html" time="0.062" /><testcase classname="tests.test_lizam_phase3.TestAdminPublicationsCrud" name="test_02_get_persists" time="0.053" /><testcase classname="tests.test_lizam_phase3.TestAdminPublicationsCrud" name="test_03_patch_updates" time="0.052" /><testcase classname="tests.test_lizam_phase3.TestAdminPublicationsCrud" name="test_04_archive_deletes" time="0.102" /><testcase classname="tests.test_lizam_phase3.TestAdminPublicationsCrud" name="test_05_unauth_forbidden" time="0.122" /><testcase classname="tests.test_lizam_phase3.TestAdminAuthors" name="test_create_list_update_delete" time="0.199" /><testcase classname="tests.test_lizam_phase3.TestAdminCategories" name="test_create_list_delete" time="0.165" /><testcase classname="tests.test_lizam_phase3.TestAdminUsersRoles" name="test_list_users" time="0.052" /><testcase classname="tests.test_lizam_phase3.TestAdminUsersRoles" name="test_list_roles" time="0.054" /><testcase classname="tests.test_lizam_phase3.TestAdminToggles" name="test_get_and_patch_toggles" time="0.262" /><testcase classname="tests.test_lizam_phase3.TestSeedIdempotency" name="test_admin_edit_survives_restart" time="3.376" /><testcase classname="tests.test_phase4_phase5" name="test_contact_accepts_valid_submission" time="0.125" /><testcase classname="tests.test_phase4_phase5" name="test_contact_rejects_missing_consent" time="0.121" /><testcase classname="tests.test_phase4_phase5" name="test_contact_rejects_invalid_email" time="0.107" /><testcase classname="tests.test_phase4_phase5" name="test_response_submit_sanitizes_xss" time="0.114" /><testcase classname="tests.test_phase4_phase5" name="test_response_submit_rejects_unknown_publication" time="0.113" /><testcase classname="tests.test_phase4_phase5" name="test_response_submit_requires_consent" time="0.133" /><testcase classname="tests.test_phase4_phase5" name="test_public_approved_responses_visible" time="0.597" /><testcase classname="tests.test_phase4_phase5" name="test_admin_list_responses_requires_permission" time="0.398" /><testcase classname="tests.test_phase4_phase5" name="test_admin_moderate_workflow" time="0.303" /><testcase classname="tests.test_phase4_phase5" name="test_google_status_defaults_disabled" time="0.115" /><testcase classname="tests.test_phase4_phase5" name="test_google_callback_rejected_when_disabled" time="0.183" /><testcase classname="tests.test_phase4_phase5" name="test_google_callback_invalid_session_id" time="0.209" /><testcase classname="tests.test_phase4_phase5" name="test_login_rate_limiter_locks_after_5_failures" time="0.707" /><testcase classname="tests.test_phase4_phase5" name="test_admin_audit_endpoint_requires_auth" time="0.122" /><testcase classname="tests.test_phase4_phase5" name="test_admin_audit_returns_entries" time="0.102" /><testcase classname="tests.test_theme_b" name="test_public_site_settings_has_active_theme" time="0.110" /><testcase classname="tests.test_theme_b" name="test_admin_patch_theme_A_then_B" time="0.677" /><testcase classname="tests.test_theme_b" name="test_admin_patch_invalid_theme_rejected[X]" time="0.056" /><testcase classname="tests.test_theme_b" name="test_admin_patch_invalid_theme_rejected[]" time="0.051" /><testcase classname="tests.test_theme_b" name="test_admin_patch_invalid_theme_rejected[a]" time="0.051" /><testcase classname="tests.test_theme_b" name="test_admin_patch_invalid_theme_rejected[b]" time="0.051" /><testcase classname="tests.test_theme_b" name="test_admin_patch_invalid_theme_rejected[C]" time="0.054" /><testcase classname="tests.test_theme_b" name="test_admin_patch_invalid_theme_rejected[ab]" time="0.051" /><testcase classname="tests.test_theme_b" name="test_admin_patch_none_theme_is_ignored" time="0.360" /><testcase classname="tests.test_theme_b" name="test_seed_idempotency_preserves_admin_theme" time="4.390" /><testcase classname="tests.test_theme_b" name="test_admin_patch_branding_fonts" time="0.052" /></testsuite></testsuites>