<?xml version="1.0" encoding="utf-8"?><testsuites name="pytest tests"><testsuite name="pytest" errors="0" failures="0" skipped="0" tests="12" time="2.167" timestamp="2026-05-09T07:03:08.198643+00:00" hostname="agent-env-1b3680ce-05a8-46af-8734-bf5e8573b370"><testcase classname="backend.tests.test_hero_media" name="test_public_hero_media_shape" time="0.267" /><testcase classname="backend.tests.test_hero_media" name="test_admin_hero_media_list" time="0.384" /><testcase classname="backend.tests.test_hero_media" name="test_admin_hero_media_unauth" time="0.112" /><testcase classname="backend.tests.test_hero_media" name="test_patch_home_and_persist" time="0.155" /><testcase classname="backend.tests.test_hero_media" name="test_patch_about_creates_record" time="0.314" /><testcase classname="backend.tests.test_hero_media" name="test_patch_invalid_overlay_opacity" time="0.047" /><testcase classname="backend.tests.test_hero_media" name="test_patch_invalid_focal_x_negative" time="0.046" /><testcase classname="backend.tests.test_hero_media" name="test_patch_invalid_focal_x_over" time="0.079" /><testcase classname="backend.tests.test_hero_media" name="test_delete_home_falls_back_to_default" time="0.310" /><testcase classname="backend.tests.test_hero_media" name="test_delete_default_forbidden" time="0.045" /><testcase classname="backend.tests.test_hero_media" name="test_patch_unknown_page_key" time="0.044" /><testcase classname="backend.tests.test_hero_media" name="test_zzz_restore_seeded_state" time="0.288" /></testsuite></testsuites>