<?xml version="1.0" encoding="utf-8"?><testsuites name="pytest tests"><testsuite name="pytest" errors="0" failures="0" skipped="0" tests="169" time="54.009" timestamp="2026-05-09T04:38:01.966896+00:00" hostname="agent-env-1b3680ce-05a8-46af-8734-bf5e8573b370"><testcase classname="tests.test_admin_ordering" name="test_header_nav_order_round_trip" time="0.710" /><testcase classname="tests.test_admin_ordering" name="test_header_nav_hidden_item_not_in_array" time="0.438" /><testcase classname="tests.test_admin_ordering" name="test_categories_reorder_endpoint_changes_public_order" time="0.270" /><testcase classname="tests.test_admin_ordering" name="test_authors_reorder_endpoint_changes_admin_order" time="0.228" /><testcase classname="tests.test_admin_ordering" name="test_home_visible_sections_order_persists" time="0.258" /><testcase classname="tests.test_admin_ordering" name="test_home_objectives_array_reorder_persists" time="0.316" /><testcase classname="tests.test_admin_to_public_full_audit" name="test_site_settings_field_propagates[site_name_ar-\u0645\u0631\u0643\u0632 \u0627\u0644\u0627\u062e\u062a\u0628\u0627\u0631]" time="0.707" /><testcase classname="tests.test_admin_to_public_full_audit" name="test_site_settings_field_propagates[site_name_en-Test Center]" time="0.358" /><testcase classname="tests.test_admin_to_public_full_audit" name="test_site_settings_field_propagates[tagline_ar-\u0634\u0639\u0627\u0631 \u0627\u062e\u062a\u0628\u0627\u0631]" time="0.356" /><testcase classname="tests.test_admin_to_public_full_audit" name="test_site_settings_field_propagates[tagline_en-Test tagline]" time="0.407" /><testcase classname="tests.test_admin_to_public_full_audit" name="test_site_settings_field_propagates[contact_email-test-contact@example.com]" time="0.376" /><testcase classname="tests.test_admin_to_public_full_audit" name="test_site_settings_field_propagates[phone-+966500000000]" time="0.361" /><testcase classname="tests.test_admin_to_public_full_audit" name="test_site_settings_field_propagates[address_ar-\u0639\u0646\u0648\u0627\u0646 \u0627\u062e\u062a\u0628\u0627\u0631]" time="0.364" /><testcase classname="tests.test_admin_to_public_full_audit" name="test_site_settings_field_propagates[address_en-Test address]" time="0.457" /><testcase classname="tests.test_admin_to_public_full_audit" name="test_site_settings_field_propagates[footer_text_ar-\u062a\u0630\u064a\u064a\u0644 \u0627\u062e\u062a\u0628\u0627\u0631 {year}]" time="0.361" /><testcase classname="tests.test_admin_to_public_full_audit" name="test_site_settings_field_propagates[footer_text_en-Test footer {year}]" time="0.375" /><testcase classname="tests.test_admin_to_public_full_audit" name="test_site_settings_default_language" time="0.408" /><testcase classname="tests.test_admin_to_public_full_audit" name="test_site_settings_active_theme" time="0.402" /><testcase classname="tests.test_admin_to_public_full_audit" name="test_site_settings_social_links" time="0.244" /><testcase classname="tests.test_admin_to_public_full_audit" name="test_branding_field_propagates[logo_url-https://example.com/test-logo.svg]" time="0.256" /><testcase classname="tests.test_admin_to_public_full_audit" name="test_branding_field_propagates[logo_light_url-https://example.com/test-logo-light.svg]" time="0.271" /><testcase classname="tests.test_admin_to_public_full_audit" name="test_branding_field_propagates[favicon_url-https://example.com/test-favicon.ico]" time="0.260" /><testcase classname="tests.test_admin_to_public_full_audit" name="test_branding_field_propagates[primary_color-#FF0099]" time="0.242" /><testcase classname="tests.test_admin_to_public_full_audit" name="test_branding_field_propagates[secondary_color-#00FF99]" time="0.245" /><testcase classname="tests.test_admin_to_public_full_audit" name="test_branding_field_propagates[accent_color-#9900FF]" time="0.237" /><testcase classname="tests.test_admin_to_public_full_audit" name="test_branding_field_propagates[background_color-#F0F0F0]" time="0.255" /><testcase classname="tests.test_admin_to_public_full_audit" name="test_branding_field_propagates[text_color-#222222]" time="0.258" /><testcase classname="tests.test_admin_to_public_full_audit" name="test_branding_field_propagates[muted_text_color-#888888]" time="0.255" /><testcase classname="tests.test_admin_to_public_full_audit" name="test_branding_field_propagates[font_ar-IBM Plex Sans Arabic]" time="0.261" /><testcase classname="tests.test_admin_to_public_full_audit" name="test_branding_field_propagates[font_en-Source Serif 4]" time="0.251" /><testcase classname="tests.test_admin_to_public_full_audit" name="test_home_field_propagates[hero_eyebrow_ar-\u0627\u062e\u062a\u0628\u0627\u0631 \u0627\u0644\u0639\u0646\u0648\u0627\u0646 \u0627\u0644\u0641\u0648\u0642\u064a]" time="0.243" /><testcase classname="tests.test_admin_to_public_full_audit" name="test_home_field_propagates[hero_eyebrow_en-Test eyebrow]" time="0.255" /><testcase classname="tests.test_admin_to_public_full_audit" name="test_home_field_propagates[hero_title_ar-\u0627\u062e\u062a\u0628\u0627\u0631\n\u0639\u0646\u0648\u0627\u0646 \u0631\u0626\u064a\u0633\u064a]" time="0.264" /><testcase classname="tests.test_admin_to_public_full_audit" name="test_home_field_propagates[hero_title_en-Test\nMain title]" time="0.242" /><testcase classname="tests.test_admin_to_public_full_audit" name="test_home_field_propagates[hero_subtitle_ar-\u0627\u062e\u062a\u0628\u0627\u0631 \u0627\u0644\u0639\u0646\u0648\u0627\u0646 \u0627\u0644\u0641\u0631\u0639\u064a]" time="0.243" /><testcase classname="tests.test_admin_to_public_full_audit" name="test_home_field_propagates[hero_subtitle_en-Test subtitle]" time="0.241" /><testcase classname="tests.test_admin_to_public_full_audit" name="test_home_field_propagates[hero_cta_primary_ar-\u0627\u062e\u062a\u0628\u0627\u0631 CTA]" time="0.252" /><testcase classname="tests.test_admin_to_public_full_audit" name="test_home_field_propagates[hero_cta_primary_en-Test CTA]" time="0.237" /><testcase classname="tests.test_admin_to_public_full_audit" name="test_home_field_propagates[hero_cta_secondary_ar-\u062b\u0627\u0646\u0648\u064a \u0627\u062e\u062a\u0628\u0627\u0631]" time="0.248" /><testcase classname="tests.test_admin_to_public_full_audit" name="test_home_field_propagates[hero_cta_secondary_en-Test secondary]" time="0.243" /><testcase classname="tests.test_admin_to_public_full_audit" name="test_home_field_propagates[about_ar-\u0627\u062e\u062a\u0628\u0627\u0631 \u0639\u0646 \u0627\u0644\u0645\u0631\u0643\u0632]" time="0.251" /><testcase classname="tests.test_admin_to_public_full_audit" name="test_home_field_propagates[about_en-Test about]" time="0.253" /><testcase classname="tests.test_admin_to_public_full_audit" name="test_home_field_propagates[about_extended_ar-\u0627\u062e\u062a\u0628\u0627\u0631 \u062a\u0641\u0627\u0635\u064a\u0644 \u0639\u0646 \u0627\u0644\u0645\u0631\u0643\u0632]" time="0.246" /><testcase classname="tests.test_admin_to_public_full_audit" name="test_home_field_propagates[about_extended_en-Test about extended]" time="0.252" /><testcase classname="tests.test_admin_to_public_full_audit" name="test_home_field_propagates[mission_ar-\u0627\u062e\u062a\u0628\u0627\u0631 \u0627\u0644\u0631\u0633\u0627\u0644\u0629]" time="0.246" /><testcase classname="tests.test_admin_to_public_full_audit" name="test_home_field_propagates[mission_en-Test mission]" time="0.261" /><testcase classname="tests.test_admin_to_public_full_audit" name="test_home_field_propagates[vision_ar-\u0627\u062e\u062a\u0628\u0627\u0631 \u0627\u0644\u0631\u0624\u064a\u0629]" time="0.245" /><testcase classname="tests.test_admin_to_public_full_audit" name="test_home_field_propagates[vision_en-Test vision]" time="0.240" /><testcase classname="tests.test_admin_to_public_full_audit" name="test_home_visible_sections" time="0.262" /><testcase classname="tests.test_admin_to_public_full_audit" name="test_home_objectives_array" time="0.247" /><testcase classname="tests.test_admin_to_public_full_audit" name="test_publication_status_change_propagates" time="0.505" /><testcase classname="tests.test_admin_to_public_full_audit" name="test_publication_access_level_registered_gates_content" time="0.560" /><testcase classname="tests.test_admin_to_public_full_audit" name="test_publication_pdf_access_disabled_returns_404" time="0.542" /><testcase classname="tests.test_admin_to_public_full_audit" name="test_publication_featured_filter" time="0.437" /><testcase classname="tests.test_admin_to_public_full_audit" name="test_publication_field_edits_propagate" time="0.295" /><testcase classname="tests.test_admin_to_public_full_audit" name="test_image_asset_url_change_propagates" time="0.263" /><testcase classname="tests.test_admin_to_public_full_audit" name="test_image_asset_inactive_hidden_from_public" time="0.416" /><testcase classname="tests.test_admin_to_public_full_audit" name="test_author_create_edit_archive_propagates" time="0.562" /><testcase classname="tests.test_admin_to_public_full_audit" name="test_category_active_toggle_propagates" time="0.350" /><testcase classname="tests.test_admin_to_public_full_audit" name="test_toggles_pdf_download_still_propagates" time="0.519" /><testcase classname="tests.test_admin_to_public_full_audit" name="test_response_approval_makes_it_publicly_visible" time="0.656" /><testcase classname="tests.test_admin_to_public_toggles" name="test_pdf_token_endpoint_blocked_when_pdf_download_disabled" time="1.082" /><testcase classname="tests.test_admin_to_public_toggles" name="test_pdf_stream_endpoint_blocked_when_pdf_download_disabled" time="0.519" /><testcase classname="tests.test_admin_to_public_toggles" name="test_publication_detail_surfaces_pdf_flag" time="0.387" /><testcase classname="tests.test_admin_to_public_toggles" name="test_gated_content_disabled_unlocks_full_html_for_anonymous" time="0.698" /><testcase classname="tests.test_admin_to_public_toggles" name="test_register_endpoint_blocked_when_registration_disabled" time="0.314" /><testcase classname="tests.test_admin_to_public_toggles" name="test_publication_detail_surfaces_registration_flag" time="0.514" /><testcase classname="tests.test_admin_to_public_toggles" name="test_per_publication_pdf_disabled_returns_403_even_when_global_on" time="0.285" /><testcase classname="tests.test_admin_to_public_toggles" name="test_per_publication_login_required_pdf_still_401_anon" time="0.304" /><testcase classname="tests.test_image_assets" name="test_public_image_assets_returns_active_only" time="0.114" /><testcase classname="tests.test_image_assets" name="test_admin_image_assets_unauth_is_401" time="0.122" /><testcase classname="tests.test_image_assets" name="test_admin_image_assets_list_as_super_admin" time="0.400" /><testcase classname="tests.test_image_assets" name="test_admin_image_assets_unprivileged_is_403" time="0.716" /><testcase classname="tests.test_image_assets" name="test_admin_patch_unknown_slot_is_404" time="0.057" /><testcase classname="tests.test_image_assets" name="test_admin_patch_updates_and_persists" time="0.285" /><testcase classname="tests.test_image_assets" name="test_admin_toggle_active_changes_public_visibility" time="0.346" /><testcase classname="tests.test_image_assets" name="test_seed_preserves_admin_edits" time="4.146" /><testcase classname="tests.test_lizam_backend.TestHealth" name="test_healthz" time="0.111" /><testcase classname="tests.test_lizam_backend.TestPublicSiteSettings" name="test_site_settings_seeded" time="0.116" /><testcase classname="tests.test_lizam_backend.TestPublicHomeContent" name="test_home_content_seeded" time="0.114" /><testcase classname="tests.test_lizam_backend.TestPublicPublications" name="test_publications_list_and_fields" time="0.109" /><testcase classname="tests.test_lizam_backend.TestPublicAuthors" name="test_authors_list" time="0.104" /><testcase classname="tests.test_lizam_backend.TestPublicCategories" name="test_categories_list" time="0.120" /><testcase classname="tests.test_lizam_backend.TestAuth" name="test_login_wrong_password" time="0.346" /><testcase classname="tests.test_lizam_backend.TestAuth" name="test_login_admin_success_sets_cookies" time="0.330" /><testcase classname="tests.test_lizam_backend.TestAuth" name="test_me_requires_auth" time="0.104" /><testcase classname="tests.test_lizam_backend.TestAuth" name="test_me_with_cookies" time="0.376" /><testcase classname="tests.test_lizam_backend.TestAuth" name="test_register_new_user_then_duplicate" time="0.445" /><testcase classname="tests.test_lizam_backend.TestAuth" name="test_logout_clears_cookies" time="0.600" /><testcase classname="tests.test_lizam_backend.TestAuth" name="test_refresh_issues_new_access_token" time="0.428" /><testcase classname="tests.test_lizam_backend.TestAdminOverview" name="test_overview_requires_auth" time="0.099" /><testcase classname="tests.test_lizam_backend.TestAdminOverview" name="test_overview_as_admin" time="0.381" /><testcase classname="tests.test_lizam_backend.TestAdminOverview" name="test_overview_registered_user_forbidden" time="0.412" /><testcase classname="tests.test_lizam_phase2.TestPhase1Regression" name="test_healthz" time="0.109" /><testcase classname="tests.test_lizam_phase2.TestPhase1Regression" name="test_admin_login_me" time="0.386" /><testcase classname="tests.test_lizam_phase2.TestPhase1Regression" name="test_admin_overview_requires_auth" time="0.102" /><testcase classname="tests.test_lizam_phase2.TestPhase1Regression" name="test_admin_overview_authed" time="0.050" /><testcase classname="tests.test_lizam_phase2.TestSiteSettingsRefined" name="test_taglines_and_font" time="0.100" /><testcase classname="tests.test_lizam_phase2.TestHomeContentRefined" name="test_hero_and_mission_vision_and_objectives_fields" time="0.112" /><testcase classname="tests.test_lizam_phase2.TestPublicationsList" name="test_list_limit3_shape_no_content_html" time="0.108" /><testcase classname="tests.test_lizam_phase2.TestPublicationsList" name="test_arabic_search_zaka" time="0.108" /><testcase classname="tests.test_lizam_phase2.TestPublicationsList" name="test_sort_most_viewed_desc" time="0.110" /><testcase classname="tests.test_lizam_phase2.TestPublicationsList" name="test_filter_by_category" time="0.328" /><testcase classname="tests.test_lizam_phase2.TestPublicationsList" name="test_filter_by_pub_type_policy_paper" time="0.111" /><testcase classname="tests.test_lizam_phase2.TestPublicationDetailPublic" name="test_public_pub2_full_content_and_hydration" time="0.542" /><testcase classname="tests.test_lizam_phase2.TestPublicationDetailPublic" name="test_non_existent_slug_returns_404" time="0.103" /><testcase classname="tests.test_lizam_phase2.TestPublicationDetailGated" name="test_preview_login_without_auth_returns_preview" time="0.107" /><testcase classname="tests.test_lizam_phase2.TestPublicationDetailGated" name="test_preview_login_with_admin_auth_returns_full" time="0.055" /><testcase classname="tests.test_lizam_phase2.TestPublicationDetailGated" name="test_registered_without_auth_is_gated_empty" time="0.115" /><testcase classname="tests.test_lizam_phase2.TestPublicationDetailGated" name="test_registered_with_admin_auth_returns_full" time="0.048" /><testcase classname="tests.test_lizam_phase2.TestPdfAccess" name="test_public_pdf_no_auth_returns_url" time="0.101" /><testcase classname="tests.test_lizam_phase2.TestPdfAccess" name="test_login_required_pdf_no_auth_401" time="0.155" /><testcase classname="tests.test_lizam_phase2.TestPdfAccess" name="test_login_required_pdf_with_admin_auth" time="0.048" /><testcase classname="tests.test_lizam_phase2.TestResponsesLive" name="test_responses_rejects_missing_fields" time="0.109" /><testcase classname="tests.test_lizam_phase3.TestAuth" name="test_login_sets_httponly_cookies" time="0.352" /><testcase classname="tests.test_lizam_phase3.TestAuth" name="test_me_authed" time="0.398" /><testcase classname="tests.test_lizam_phase3.TestAuth" name="test_me_unauth_401" time="0.104" /><testcase classname="tests.test_lizam_phase3.TestAuth" name="test_admin_overview_role_guards" time="0.181" /><testcase classname="tests.test_lizam_phase3.TestRateLimit" name="test_login_rate_limit_after_burst" time="0.791" /><testcase classname="tests.test_lizam_phase3.TestPublic" name="test_site_settings" time="0.116" /><testcase classname="tests.test_lizam_phase3.TestPublic" name="test_home_content" time="0.097" /><testcase classname="tests.test_lizam_phase3.TestPublic" name="test_publications_list" time="0.111" /><testcase classname="tests.test_lizam_phase3.TestPublic" name="test_publication_detail_full_hydration" time="0.114" /><testcase classname="tests.test_lizam_phase3.TestTokenizedPdf" name="test_public_pdf_returns_stream_url" time="0.109" /><testcase classname="tests.test_lizam_phase3.TestTokenizedPdf" name="test_pdf_stream_rejects_bad_token" time="0.108" /><testcase classname="tests.test_lizam_phase3.TestTokenizedPdf" name="test_login_required_pdf_gated_unauth" time="0.105" /><testcase classname="tests.test_lizam_phase3.TestTokenizedPdf" name="test_login_required_pdf_admin_gets_token" time="0.065" /><testcase classname="tests.test_lizam_phase3.TestTokenizedPdf" name="test_pdf_stream_valid_token_serves_pdf" time="0.116" /><testcase classname="tests.test_lizam_phase3.TestAdminSiteSettings" name="test_get_and_patch_site_settings" time="0.319" /><testcase classname="tests.test_lizam_phase3.TestAdminSiteSettings" name="test_site_settings_requires_auth" time="0.100" /><testcase classname="tests.test_lizam_phase3.TestAdminBranding" name="test_get_and_patch_branding" time="0.133" /><testcase classname="tests.test_lizam_phase3.TestAdminHome" name="test_get_and_patch_home" time="0.140" /><testcase classname="tests.test_lizam_phase3.TestAdminPublicationsCrud" name="test_01_create_sanitizes_html" time="0.059" /><testcase classname="tests.test_lizam_phase3.TestAdminPublicationsCrud" name="test_02_get_persists" time="0.051" /><testcase classname="tests.test_lizam_phase3.TestAdminPublicationsCrud" name="test_03_patch_updates" time="0.049" /><testcase classname="tests.test_lizam_phase3.TestAdminPublicationsCrud" name="test_04_archive_deletes" time="0.094" /><testcase classname="tests.test_lizam_phase3.TestAdminPublicationsCrud" name="test_05_unauth_forbidden" time="0.122" /><testcase classname="tests.test_lizam_phase3.TestAdminAuthors" name="test_create_list_update_delete" time="0.189" /><testcase classname="tests.test_lizam_phase3.TestAdminCategories" name="test_create_list_delete" time="0.140" /><testcase classname="tests.test_lizam_phase3.TestAdminUsersRoles" name="test_list_users" time="0.056" /><testcase classname="tests.test_lizam_phase3.TestAdminUsersRoles" name="test_list_roles" time="0.051" /><testcase classname="tests.test_lizam_phase3.TestAdminToggles" name="test_get_and_patch_toggles" time="0.264" /><testcase classname="tests.test_lizam_phase3.TestSeedIdempotency" name="test_admin_edit_survives_restart" time="3.063" /><testcase classname="tests.test_phase4_phase5" name="test_contact_accepts_valid_submission" time="0.137" /><testcase classname="tests.test_phase4_phase5" name="test_contact_rejects_missing_consent" time="0.104" /><testcase classname="tests.test_phase4_phase5" name="test_contact_rejects_invalid_email" time="0.110" /><testcase classname="tests.test_phase4_phase5" name="test_response_submit_sanitizes_xss" time="0.111" /><testcase classname="tests.test_phase4_phase5" name="test_response_submit_rejects_unknown_publication" time="0.108" /><testcase classname="tests.test_phase4_phase5" name="test_response_submit_requires_consent" time="0.124" /><testcase classname="tests.test_phase4_phase5" name="test_public_approved_responses_visible" time="0.602" /><testcase classname="tests.test_phase4_phase5" name="test_admin_list_responses_requires_permission" time="0.108" /><testcase classname="tests.test_phase4_phase5" name="test_admin_moderate_workflow" time="0.305" /><testcase classname="tests.test_phase4_phase5" name="test_google_status_defaults_disabled" time="0.106" /><testcase classname="tests.test_phase4_phase5" name="test_google_callback_rejected_when_disabled" time="0.166" /><testcase classname="tests.test_phase4_phase5" name="test_google_callback_invalid_session_id" time="0.212" /><testcase classname="tests.test_phase4_phase5" name="test_login_rate_limiter_locks_after_5_failures" time="0.731" /><testcase classname="tests.test_phase4_phase5" name="test_admin_audit_endpoint_requires_auth" time="0.110" /><testcase classname="tests.test_phase4_phase5" name="test_admin_audit_returns_entries" time="0.103" /><testcase classname="tests.test_theme_b" name="test_public_site_settings_has_active_theme" time="0.108" /><testcase classname="tests.test_theme_b" name="test_admin_patch_theme_A_then_B" time="0.643" /><testcase classname="tests.test_theme_b" name="test_admin_patch_invalid_theme_rejected[X]" time="0.049" /><testcase classname="tests.test_theme_b" name="test_admin_patch_invalid_theme_rejected[]" time="0.048" /><testcase classname="tests.test_theme_b" name="test_admin_patch_invalid_theme_rejected[a]" time="0.050" /><testcase classname="tests.test_theme_b" name="test_admin_patch_invalid_theme_rejected[b]" time="0.048" /><testcase classname="tests.test_theme_b" name="test_admin_patch_invalid_theme_rejected[C]" time="0.048" /><testcase classname="tests.test_theme_b" name="test_admin_patch_invalid_theme_rejected[ab]" time="0.047" /><testcase classname="tests.test_theme_b" name="test_admin_patch_none_theme_is_ignored" time="0.320" /><testcase classname="tests.test_theme_b" name="test_seed_idempotency_preserves_admin_theme" time="3.949" /><testcase classname="tests.test_theme_b" name="test_admin_patch_branding_fonts" time="0.052" /></testsuite></testsuites>