<?xml version="1.0" encoding="utf-8"?><testsuites name="pytest tests"><testsuite name="pytest" errors="0" failures="1" skipped="0" tests="29" time="8.519" timestamp="2026-05-02T22:49:51.478663+00:00" hostname="agent-env-1b3680ce-05a8-46af-8734-bf5e8573b370"><testcase classname="backend.tests.test_lizam_phase3.TestAuth" name="test_login_sets_httponly_cookies" time="0.410" /><testcase classname="backend.tests.test_lizam_phase3.TestAuth" name="test_me_authed" time="0.428" /><testcase classname="backend.tests.test_lizam_phase3.TestAuth" name="test_me_unauth_401" time="0.140" /><testcase classname="backend.tests.test_lizam_phase3.TestAuth" name="test_admin_overview_role_guards" time="0.170" /><testcase classname="backend.tests.test_lizam_phase3.TestRateLimit" name="test_login_rate_limit_after_burst" time="0.876" /><testcase classname="backend.tests.test_lizam_phase3.TestPublic" name="test_site_settings" time="0.107"><failure message="AssertionError: missing name_ar in site-settings&#10;assert 'name_ar' in {'_seed_origin': 'system-seed', 'accent_color': '#B89B5E', 'address_ar': 'المملكة العربية السعودية', 'address_en': 'Kingdom of Saudi Arabia', ...}">backend/tests/test_lizam_phase3.py:111: in test_site_settings
    assert k in d, f"missing {k} in site-settings"
E   AssertionError: missing name_ar in site-settings
E   assert 'name_ar' in {'_seed_origin': 'system-seed', 'accent_color': '#B89B5E', 'address_ar': 'المملكة العربية السعودية', 'address_en': 'Kingdom of Saudi Arabia', ...}</failure></testcase><testcase classname="backend.tests.test_lizam_phase3.TestPublic" name="test_home_content" time="0.138" /><testcase classname="backend.tests.test_lizam_phase3.TestPublic" name="test_publications_list" time="0.105" /><testcase classname="backend.tests.test_lizam_phase3.TestPublic" name="test_publication_detail_full_hydration" time="0.110" /><testcase classname="backend.tests.test_lizam_phase3.TestTokenizedPdf" name="test_public_pdf_returns_stream_url" time="0.173" /><testcase classname="backend.tests.test_lizam_phase3.TestTokenizedPdf" name="test_pdf_stream_rejects_bad_token" time="0.105" /><testcase classname="backend.tests.test_lizam_phase3.TestTokenizedPdf" name="test_login_required_pdf_gated_unauth" time="0.109" /><testcase classname="backend.tests.test_lizam_phase3.TestTokenizedPdf" name="test_login_required_pdf_admin_gets_token" time="0.050" /><testcase classname="backend.tests.test_lizam_phase3.TestTokenizedPdf" name="test_pdf_stream_valid_token_serves_pdf" time="0.104" /><testcase classname="backend.tests.test_lizam_phase3.TestAdminSiteSettings" name="test_get_and_patch_site_settings" time="0.346" /><testcase classname="backend.tests.test_lizam_phase3.TestAdminSiteSettings" name="test_site_settings_requires_auth" time="0.107" /><testcase classname="backend.tests.test_lizam_phase3.TestAdminBranding" name="test_get_and_patch_branding" time="0.096" /><testcase classname="backend.tests.test_lizam_phase3.TestAdminHome" name="test_get_and_patch_home" time="0.149" /><testcase classname="backend.tests.test_lizam_phase3.TestAdminPublicationsCrud" name="test_01_create_sanitizes_html" time="0.078" /><testcase classname="backend.tests.test_lizam_phase3.TestAdminPublicationsCrud" name="test_02_get_persists" time="0.047" /><testcase classname="backend.tests.test_lizam_phase3.TestAdminPublicationsCrud" name="test_03_patch_updates" time="0.051" /><testcase classname="backend.tests.test_lizam_phase3.TestAdminPublicationsCrud" name="test_04_archive_deletes" time="0.094" /><testcase classname="backend.tests.test_lizam_phase3.TestAdminPublicationsCrud" name="test_05_unauth_forbidden" time="0.104" /><testcase classname="backend.tests.test_lizam_phase3.TestAdminAuthors" name="test_create_list_update_delete" time="0.207" /><testcase classname="backend.tests.test_lizam_phase3.TestAdminCategories" name="test_create_list_delete" time="0.159" /><testcase classname="backend.tests.test_lizam_phase3.TestAdminUsersRoles" name="test_list_users" time="0.051" /><testcase classname="backend.tests.test_lizam_phase3.TestAdminUsersRoles" name="test_list_roles" time="0.054" /><testcase classname="backend.tests.test_lizam_phase3.TestAdminToggles" name="test_get_and_patch_toggles" time="0.254" /><testcase classname="backend.tests.test_lizam_phase3.TestSeedIdempotency" name="test_admin_edit_survives_restart" time="3.392" /></testsuite></testsuites>