<?xml version="1.0" encoding="utf-8"?><testsuites name="pytest tests"><testsuite name="pytest" errors="0" failures="0" skipped="0" tests="21" time="3.629" timestamp="2026-05-02T22:15:33.270606+00:00" hostname="agent-env-1b3680ce-05a8-46af-8734-bf5e8573b370"><testcase classname="backend.tests.test_lizam_phase2.TestPhase1Regression" name="test_healthz" time="0.203" /><testcase classname="backend.tests.test_lizam_phase2.TestPhase1Regression" name="test_admin_login_me" time="0.391" /><testcase classname="backend.tests.test_lizam_phase2.TestPhase1Regression" name="test_admin_overview_requires_auth" time="0.174" /><testcase classname="backend.tests.test_lizam_phase2.TestPhase1Regression" name="test_admin_overview_authed" time="0.056" /><testcase classname="backend.tests.test_lizam_phase2.TestSiteSettingsRefined" name="test_taglines_and_font" time="0.111" /><testcase classname="backend.tests.test_lizam_phase2.TestHomeContentRefined" name="test_hero_and_mission_vision_and_objectives_fields" time="0.218" /><testcase classname="backend.tests.test_lizam_phase2.TestPublicationsList" name="test_list_limit3_shape_no_content_html" time="0.117" /><testcase classname="backend.tests.test_lizam_phase2.TestPublicationsList" name="test_arabic_search_zaka" time="0.120" /><testcase classname="backend.tests.test_lizam_phase2.TestPublicationsList" name="test_sort_most_viewed_desc" time="0.111" /><testcase classname="backend.tests.test_lizam_phase2.TestPublicationsList" name="test_filter_by_category" time="0.343" /><testcase classname="backend.tests.test_lizam_phase2.TestPublicationsList" name="test_filter_by_pub_type_policy_paper" time="0.121" /><testcase classname="backend.tests.test_lizam_phase2.TestPublicationDetailPublic" name="test_public_pub2_full_content_and_hydration" time="0.470" /><testcase classname="backend.tests.test_lizam_phase2.TestPublicationDetailPublic" name="test_non_existent_slug_returns_404" time="0.143" /><testcase classname="backend.tests.test_lizam_phase2.TestPublicationDetailGated" name="test_preview_login_without_auth_returns_preview" time="0.113" /><testcase classname="backend.tests.test_lizam_phase2.TestPublicationDetailGated" name="test_preview_login_with_admin_auth_returns_full" time="0.069" /><testcase classname="backend.tests.test_lizam_phase2.TestPublicationDetailGated" name="test_registered_without_auth_is_gated_empty" time="0.136" /><testcase classname="backend.tests.test_lizam_phase2.TestPublicationDetailGated" name="test_registered_with_admin_auth_returns_full" time="0.052" /><testcase classname="backend.tests.test_lizam_phase2.TestPdfAccess" name="test_public_pdf_no_auth_returns_url" time="0.124" /><testcase classname="backend.tests.test_lizam_phase2.TestPdfAccess" name="test_login_required_pdf_no_auth_401" time="0.116" /><testcase classname="backend.tests.test_lizam_phase2.TestPdfAccess" name="test_login_required_pdf_with_admin_auth" time="0.050" /><testcase classname="backend.tests.test_lizam_phase2.TestResponsesPlaceholder" name="test_responses_returns_503" time="0.111" /></testsuite></testsuites>