<?xml version="1.0" encoding="utf-8"?><testsuites name="pytest tests"><testsuite name="pytest" errors="0" failures="0" skipped="0" tests="16" time="4.129" timestamp="2026-05-02T05:04:48.790039+00:00" hostname="agent-env-1b3680ce-05a8-46af-8734-bf5e8573b370"><testcase classname="backend.tests.test_lizam_backend.TestHealth" name="test_healthz" time="0.132" /><testcase classname="backend.tests.test_lizam_backend.TestPublicSiteSettings" name="test_site_settings_seeded" time="0.101" /><testcase classname="backend.tests.test_lizam_backend.TestPublicHomeContent" name="test_home_content_seeded" time="0.103" /><testcase classname="backend.tests.test_lizam_backend.TestPublicPublications" name="test_publications_list_and_fields" time="0.103" /><testcase classname="backend.tests.test_lizam_backend.TestPublicAuthors" name="test_authors_list" time="0.107" /><testcase classname="backend.tests.test_lizam_backend.TestPublicCategories" name="test_categories_list" time="0.106" /><testcase classname="backend.tests.test_lizam_backend.TestAuth" name="test_login_wrong_password" time="0.337" /><testcase classname="backend.tests.test_lizam_backend.TestAuth" name="test_login_admin_success_sets_cookies" time="0.354" /><testcase classname="backend.tests.test_lizam_backend.TestAuth" name="test_me_requires_auth" time="0.183" /><testcase classname="backend.tests.test_lizam_backend.TestAuth" name="test_me_with_cookies" time="0.364" /><testcase classname="backend.tests.test_lizam_backend.TestAuth" name="test_register_new_user_then_duplicate" time="0.451" /><testcase classname="backend.tests.test_lizam_backend.TestAuth" name="test_logout_clears_cookies" time="0.424" /><testcase classname="backend.tests.test_lizam_backend.TestAuth" name="test_refresh_issues_new_access_token" time="0.420" /><testcase classname="backend.tests.test_lizam_backend.TestAdminOverview" name="test_overview_requires_auth" time="0.100" /><testcase classname="backend.tests.test_lizam_backend.TestAdminOverview" name="test_overview_as_admin" time="0.379" /><testcase classname="backend.tests.test_lizam_backend.TestAdminOverview" name="test_overview_registered_user_forbidden" time="0.374" /></testsuite></testsuites>