<?xml version="1.0" encoding="utf-8"?><testsuites name="pytest tests"><testsuite name="pytest" errors="0" failures="5" skipped="0" tests="66" time="15.156" timestamp="2026-05-02T22:50:26.648415+00:00" hostname="agent-env-1b3680ce-05a8-46af-8734-bf5e8573b370"><testcase classname="backend.tests.test_lizam_backend.TestHealth" name="test_healthz" time="0.107" /><testcase classname="backend.tests.test_lizam_backend.TestPublicSiteSettings" name="test_site_settings_seeded" time="0.125"><failure message="AssertionError: assert '#123456' == '#23324D'&#10;  &#10;  - #23324D&#10;  + #123456">backend/tests/test_lizam_backend.py:49: in test_site_settings_seeded
    assert data["primary_color"] == "#23324D"
E   AssertionError: assert '#123456' == '#23324D'
E     
E     - #23324D
E     + #123456</failure></testcase><testcase classname="backend.tests.test_lizam_backend.TestPublicHomeContent" name="test_home_content_seeded" time="0.114" /><testcase classname="backend.tests.test_lizam_backend.TestPublicPublications" name="test_publications_list_and_fields" time="0.117" /><testcase classname="backend.tests.test_lizam_backend.TestPublicAuthors" name="test_authors_list" time="0.107" /><testcase classname="backend.tests.test_lizam_backend.TestPublicCategories" name="test_categories_list" time="0.114" /><testcase classname="backend.tests.test_lizam_backend.TestAuth" name="test_login_wrong_password" time="0.337" /><testcase classname="backend.tests.test_lizam_backend.TestAuth" name="test_login_admin_success_sets_cookies" time="0.336" /><testcase classname="backend.tests.test_lizam_backend.TestAuth" name="test_me_requires_auth" time="0.144" /><testcase classname="backend.tests.test_lizam_backend.TestAuth" name="test_me_with_cookies" time="0.396" /><testcase classname="backend.tests.test_lizam_backend.TestAuth" name="test_register_new_user_then_duplicate" time="0.460" /><testcase classname="backend.tests.test_lizam_backend.TestAuth" name="test_logout_clears_cookies" time="0.437" /><testcase classname="backend.tests.test_lizam_backend.TestAuth" name="test_refresh_issues_new_access_token" time="0.490" /><testcase classname="backend.tests.test_lizam_backend.TestAdminOverview" name="test_overview_requires_auth" time="0.099" /><testcase classname="backend.tests.test_lizam_backend.TestAdminOverview" name="test_overview_as_admin" time="0.376" /><testcase classname="backend.tests.test_lizam_backend.TestAdminOverview" name="test_overview_registered_user_forbidden" time="0.376" /><testcase classname="backend.tests.test_lizam_phase2.TestPhase1Regression" name="test_healthz" time="0.138" /><testcase classname="backend.tests.test_lizam_phase2.TestPhase1Regression" name="test_admin_login_me" time="0.403" /><testcase classname="backend.tests.test_lizam_phase2.TestPhase1Regression" name="test_admin_overview_requires_auth" time="0.107" /><testcase classname="backend.tests.test_lizam_phase2.TestPhase1Regression" name="test_admin_overview_authed" time="0.053" /><testcase classname="backend.tests.test_lizam_phase2.TestSiteSettingsRefined" name="test_taglines_and_font" time="0.123" /><testcase classname="backend.tests.test_lizam_phase2.TestHomeContentRefined" name="test_hero_and_mission_vision_and_objectives_fields" time="0.106"><failure message="AssertionError: objective missing points_ar: {'id': '8445152a-e74e-4956-af09-b3253a347b1d', 'sort_order': 1, 'title_ar': 'النهوض بالدراسات القانونية', 'title_en': 'Advancing Legal Studies', 'description_ar': 'إنتاج بحوث قانونية عالية الجودة تعالج القضايا الفقهية والمؤسسية والنظرية ذات الصلة بالقانون والحوكمة في المملكة.', 'description_en': 'Producing high-quality legal research on jurisprudential, institutional, and theoretical questions relevant to law and governance in the Kingdom.'}&#10;assert None&#10; +  where None = &lt;built-in method get of dict object at 0xfc82f96e87c0&gt;('points_ar')&#10; +    where &lt;built-in method get of dict object at 0xfc82f96e87c0&gt; = {'description_ar': 'إنتاج بحوث قانونية عالية الجودة تعالج القضايا الفقهية والمؤسسية والنظرية ذات الصلة بالقانون والحوكمة في المملكة.', 'description_en': 'Producing high-quality legal research on jurisprudential, institutional, and theoretical questions relevant to law and governance in the Kingdom.', 'id': '8445152a-e74e-4956-af09-b3253a347b1d', 'sort_order': 1, ...}.get">backend/tests/test_lizam_phase2.py:103: in test_hero_and_mission_vision_and_objectives_fields
    assert o.get(k), f"objective missing {k}: {o}"
E   AssertionError: objective missing points_ar: {'id': '8445152a-e74e-4956-af09-b3253a347b1d', 'sort_order': 1, 'title_ar': 'النهوض بالدراسات القانونية', 'title_en': 'Advancing Legal Studies', 'description_ar': 'إنتاج بحوث قانونية عالية الجودة تعالج القضايا الفقهية والمؤسسية والنظرية ذات الصلة بالقانون والحوكمة في المملكة.', 'description_en': 'Producing high-quality legal research on jurisprudential, institutional, and theoretical questions relevant to law and governance in the Kingdom.'}
E   assert None
E    +  where None = &lt;built-in method get of dict object at 0xfc82f96e87c0&gt;('points_ar')
E    +    where &lt;built-in method get of dict object at 0xfc82f96e87c0&gt; = {'description_ar': 'إنتاج بحوث قانونية عالية الجودة تعالج القضايا الفقهية والمؤسسية والنظرية ذات الصلة بالقانون والحوكمة في المملكة.', 'description_en': 'Producing high-quality legal research on jurisprudential, institutional, and theoretical questions relevant to law and governance in the Kingdom.', 'id': '8445152a-e74e-4956-af09-b3253a347b1d', 'sort_order': 1, ...}.get</failure></testcase><testcase classname="backend.tests.test_lizam_phase2.TestPublicationsList" name="test_list_limit3_shape_no_content_html" time="0.112" /><testcase classname="backend.tests.test_lizam_phase2.TestPublicationsList" name="test_arabic_search_zaka" time="0.116" /><testcase classname="backend.tests.test_lizam_phase2.TestPublicationsList" name="test_sort_most_viewed_desc" time="0.115" /><testcase classname="backend.tests.test_lizam_phase2.TestPublicationsList" name="test_filter_by_category" time="0.329" /><testcase classname="backend.tests.test_lizam_phase2.TestPublicationsList" name="test_filter_by_pub_type_policy_paper" time="0.108" /><testcase classname="backend.tests.test_lizam_phase2.TestPublicationDetailPublic" name="test_public_pub2_full_content_and_hydration" time="0.475"><failure message="AssertionError: view_count did not increment: 280 -&gt; 280&#10;assert 280 == (280 + 1)">backend/tests/test_lizam_phase2.py:217: in test_public_pub2_full_content_and_hydration
    assert p2["view_count"] == vc1 + 1, f"view_count did not increment: {vc1} -&gt; {p2['view_count']}"
E   AssertionError: view_count did not increment: 280 -&gt; 280
E   assert 280 == (280 + 1)</failure></testcase><testcase classname="backend.tests.test_lizam_phase2.TestPublicationDetailPublic" name="test_non_existent_slug_returns_404" time="0.110" /><testcase classname="backend.tests.test_lizam_phase2.TestPublicationDetailGated" name="test_preview_login_without_auth_returns_preview" time="0.123" /><testcase classname="backend.tests.test_lizam_phase2.TestPublicationDetailGated" name="test_preview_login_with_admin_auth_returns_full" time="0.050" /><testcase classname="backend.tests.test_lizam_phase2.TestPublicationDetailGated" name="test_registered_without_auth_is_gated_empty" time="0.130" /><testcase classname="backend.tests.test_lizam_phase2.TestPublicationDetailGated" name="test_registered_with_admin_auth_returns_full" time="0.047" /><testcase classname="backend.tests.test_lizam_phase2.TestPdfAccess" name="test_public_pdf_no_auth_returns_url" time="0.106"><failure message="AssertionError: assert None&#10; +  where None = &lt;built-in method get of dict object at 0xfc82f9595840&gt;('url')&#10; +    where &lt;built-in method get of dict object at 0xfc82f9595840&gt; = {'ok': True, 'stream_url': '/api/public/pdf-stream/eyJhbGciOiJIUzI1NiIsInR5cCI6IkpXVCJ9.eyJwdWIiOiJmNDg0NjFhMS1kZmQ4LTRhZmItYTk3NC02YzMxZWZkYzgwYjYiLCJ1IjoiYW5vbiIsInR5cGUiOiJwZGYiLCJleHAiOjE3Nzc3NjI1MzN9.mfv6uw7034IjeIb2Eq5bZh24kgtamWrRIuBcUubRG7Q', 'title': 'قراءة في ضوابط السياسة العامة وأثرها على بيئة الأعمال', 'token': 'eyJhbGciOiJIUzI1NiIsInR5cCI6IkpXVCJ9.eyJwdWIiOiJmNDg0NjFhMS1kZmQ4LTRhZmItYTk3NC02YzMxZWZkYzgwYjYiLCJ1IjoiYW5vbiIsInR5cGUiOiJwZGYiLCJleHAiOjE3Nzc3NjI1MzN9.mfv6uw7034IjeIb2Eq5bZh24kgtamWrRIuBcUubRG7Q'}.get">backend/tests/test_lizam_phase2.py:278: in test_public_pdf_no_auth_returns_url
    assert d.get("url")
E   AssertionError: assert None
E    +  where None = &lt;built-in method get of dict object at 0xfc82f9595840&gt;('url')
E    +    where &lt;built-in method get of dict object at 0xfc82f9595840&gt; = {'ok': True, 'stream_url': '/api/public/pdf-stream/eyJhbGciOiJIUzI1NiIsInR5cCI6IkpXVCJ9.eyJwdWIiOiJmNDg0NjFhMS1kZmQ4LTRhZmItYTk3NC02YzMxZWZkYzgwYjYiLCJ1IjoiYW5vbiIsInR5cGUiOiJwZGYiLCJleHAiOjE3Nzc3NjI1MzN9.mfv6uw7034IjeIb2Eq5bZh24kgtamWrRIuBcUubRG7Q', 'title': 'قراءة في ضوابط السياسة العامة وأثرها على بيئة الأعمال', 'token': 'eyJhbGciOiJIUzI1NiIsInR5cCI6IkpXVCJ9.eyJwdWIiOiJmNDg0NjFhMS1kZmQ4LTRhZmItYTk3NC02YzMxZWZkYzgwYjYiLCJ1IjoiYW5vbiIsInR5cGUiOiJwZGYiLCJleHAiOjE3Nzc3NjI1MzN9.mfv6uw7034IjeIb2Eq5bZh24kgtamWrRIuBcUubRG7Q'}.get</failure></testcase><testcase classname="backend.tests.test_lizam_phase2.TestPdfAccess" name="test_login_required_pdf_no_auth_401" time="0.100" /><testcase classname="backend.tests.test_lizam_phase2.TestPdfAccess" name="test_login_required_pdf_with_admin_auth" time="0.050"><failure message="AssertionError: assert None&#10; +  where None = &lt;built-in method get of dict object at 0xfc82f958fbc0&gt;('url')&#10; +    where &lt;built-in method get of dict object at 0xfc82f958fbc0&gt; = {'ok': True, 'stream_url': '/api/public/pdf-stream/eyJhbGciOiJIUzI1NiIsInR5cCI6IkpXVCJ9.eyJwdWIiOiJkOWM4OGRlOC1iZTZiLTRiNzctYmQ3Ni05MDQxOWUxNzdiZjciLCJ1IjoiZDE1NGRjYTgtMTg3ZC00OGE1LTg4NmUtZThhNGRhNjQwZTM1IiwidHlwZSI6InBkZiIsImV4cCI6MTc3Nzc2MjUzM30.BFu82oEWUcVK7gEroCadt4Mv9SJhECoC2M68sx1_mKo', 'title': 'تطور الأنظمة التشريعية في المملكة العربية السعودية', 'token': 'eyJhbGciOiJIUzI1NiIsInR5cCI6IkpXVCJ9.eyJwdWIiOiJkOWM4OGRlOC1iZTZiLTRiNzctYmQ3Ni05MDQxOWUxNzdiZjciLCJ1IjoiZDE1NGRjYTgtMTg3ZC00OGE1LTg4NmUtZThhNGRhNjQwZTM1IiwidHlwZSI6InBkZiIsImV4cCI6MTc3Nzc2MjUzM30.BFu82oEWUcVK7gEroCadt4Mv9SJhECoC2M68sx1_mKo'}.get">backend/tests/test_lizam_phase2.py:290: in test_login_required_pdf_with_admin_auth
    assert d.get("url")
E   AssertionError: assert None
E    +  where None = &lt;built-in method get of dict object at 0xfc82f958fbc0&gt;('url')
E    +    where &lt;built-in method get of dict object at 0xfc82f958fbc0&gt; = {'ok': True, 'stream_url': '/api/public/pdf-stream/eyJhbGciOiJIUzI1NiIsInR5cCI6IkpXVCJ9.eyJwdWIiOiJkOWM4OGRlOC1iZTZiLTRiNzctYmQ3Ni05MDQxOWUxNzdiZjciLCJ1IjoiZDE1NGRjYTgtMTg3ZC00OGE1LTg4NmUtZThhNGRhNjQwZTM1IiwidHlwZSI6InBkZiIsImV4cCI6MTc3Nzc2MjUzM30.BFu82oEWUcVK7gEroCadt4Mv9SJhECoC2M68sx1_mKo', 'title': 'تطور الأنظمة التشريعية في المملكة العربية السعودية', 'token': 'eyJhbGciOiJIUzI1NiIsInR5cCI6IkpXVCJ9.eyJwdWIiOiJkOWM4OGRlOC1iZTZiLTRiNzctYmQ3Ni05MDQxOWUxNzdiZjciLCJ1IjoiZDE1NGRjYTgtMTg3ZC00OGE1LTg4NmUtZThhNGRhNjQwZTM1IiwidHlwZSI6InBkZiIsImV4cCI6MTc3Nzc2MjUzM30.BFu82oEWUcVK7gEroCadt4Mv9SJhECoC2M68sx1_mKo'}.get</failure></testcase><testcase classname="backend.tests.test_lizam_phase2.TestResponsesPlaceholder" name="test_responses_returns_503" time="0.115" /><testcase classname="backend.tests.test_lizam_phase3.TestAuth" name="test_login_sets_httponly_cookies" time="0.555" /><testcase classname="backend.tests.test_lizam_phase3.TestAuth" name="test_me_authed" time="0.413" /><testcase classname="backend.tests.test_lizam_phase3.TestAuth" name="test_me_unauth_401" time="0.101" /><testcase classname="backend.tests.test_lizam_phase3.TestAuth" name="test_admin_overview_role_guards" time="0.164" /><testcase classname="backend.tests.test_lizam_phase3.TestRateLimit" name="test_login_rate_limit_after_burst" time="0.733" /><testcase classname="backend.tests.test_lizam_phase3.TestPublic" name="test_site_settings" time="0.117" /><testcase classname="backend.tests.test_lizam_phase3.TestPublic" name="test_home_content" time="0.105" /><testcase classname="backend.tests.test_lizam_phase3.TestPublic" name="test_publications_list" time="0.117" /><testcase classname="backend.tests.test_lizam_phase3.TestPublic" name="test_publication_detail_full_hydration" time="0.103" /><testcase classname="backend.tests.test_lizam_phase3.TestTokenizedPdf" name="test_public_pdf_returns_stream_url" time="0.119" /><testcase classname="backend.tests.test_lizam_phase3.TestTokenizedPdf" name="test_pdf_stream_rejects_bad_token" time="0.108" /><testcase classname="backend.tests.test_lizam_phase3.TestTokenizedPdf" name="test_login_required_pdf_gated_unauth" time="0.122" /><testcase classname="backend.tests.test_lizam_phase3.TestTokenizedPdf" name="test_login_required_pdf_admin_gets_token" time="0.057" /><testcase classname="backend.tests.test_lizam_phase3.TestTokenizedPdf" name="test_pdf_stream_valid_token_serves_pdf" time="0.120" /><testcase classname="backend.tests.test_lizam_phase3.TestAdminSiteSettings" name="test_get_and_patch_site_settings" time="0.330" /><testcase classname="backend.tests.test_lizam_phase3.TestAdminSiteSettings" name="test_site_settings_requires_auth" time="0.112" /><testcase classname="backend.tests.test_lizam_phase3.TestAdminBranding" name="test_get_and_patch_branding" time="0.100" /><testcase classname="backend.tests.test_lizam_phase3.TestAdminHome" name="test_get_and_patch_home" time="0.148" /><testcase classname="backend.tests.test_lizam_phase3.TestAdminPublicationsCrud" name="test_01_create_sanitizes_html" time="0.059" /><testcase classname="backend.tests.test_lizam_phase3.TestAdminPublicationsCrud" name="test_02_get_persists" time="0.056" /><testcase classname="backend.tests.test_lizam_phase3.TestAdminPublicationsCrud" name="test_03_patch_updates" time="0.051" /><testcase classname="backend.tests.test_lizam_phase3.TestAdminPublicationsCrud" name="test_04_archive_deletes" time="0.102" /><testcase classname="backend.tests.test_lizam_phase3.TestAdminPublicationsCrud" name="test_05_unauth_forbidden" time="0.098" /><testcase classname="backend.tests.test_lizam_phase3.TestAdminAuthors" name="test_create_list_update_delete" time="0.194" /><testcase classname="backend.tests.test_lizam_phase3.TestAdminCategories" name="test_create_list_delete" time="0.163" /><testcase classname="backend.tests.test_lizam_phase3.TestAdminUsersRoles" name="test_list_users" time="0.047" /><testcase classname="backend.tests.test_lizam_phase3.TestAdminUsersRoles" name="test_list_roles" time="0.062" /><testcase classname="backend.tests.test_lizam_phase3.TestAdminToggles" name="test_get_and_patch_toggles" time="0.270" /><testcase classname="backend.tests.test_lizam_phase3.TestSeedIdempotency" name="test_admin_edit_survives_restart" time="3.130" /></testsuite></testsuites>