<?xml version="1.0" encoding="utf-8"?><testsuites name="pytest tests"><testsuite name="pytest" errors="0" failures="1" skipped="0" tests="61" time="16.820" timestamp="2026-05-02T23:42:14.538774+00:00" hostname="agent-env-1b3680ce-05a8-46af-8734-bf5e8573b370"><testcase classname="backend.tests.test_lizam_phase2.TestPhase1Regression" name="test_healthz" time="0.094" /><testcase classname="backend.tests.test_lizam_phase2.TestPhase1Regression" name="test_admin_login_me" time="0.391" /><testcase classname="backend.tests.test_lizam_phase2.TestPhase1Regression" name="test_admin_overview_requires_auth" time="0.103" /><testcase classname="backend.tests.test_lizam_phase2.TestPhase1Regression" name="test_admin_overview_authed" time="0.056" /><testcase classname="backend.tests.test_lizam_phase2.TestSiteSettingsRefined" name="test_taglines_and_font" time="0.128"><failure message="AssertionError: tagline_en mismatch: 'theme-b-none-test'&#10;assert 'research center specializing in legal studies' in 'theme-b-none-test'&#10; +  where 'theme-b-none-test' = &lt;built-in method lower of str object at 0xfb7496d25ca0&gt;()&#10; +    where &lt;built-in method lower of str object at 0xfb7496d25ca0&gt; = ('theme-b-none-test').lower&#10; +      where 'theme-b-none-test' = &lt;built-in method get of dict object at 0xfb7496d29880&gt;('tagline_en')&#10; +        where &lt;built-in method get of dict object at 0xfb7496d29880&gt; = {'_seed_origin': 'admin', 'accent_color': '#B89B5E', 'active_theme': 'B', 'address_ar': 'المملكة العربية السعودية', ...}.get">backend/tests/test_lizam_phase2.py:75: in test_taglines_and_font
    assert "research center specializing in legal studies" in (d.get("tagline_en") or "").lower(), \
E   AssertionError: tagline_en mismatch: 'theme-b-none-test'
E   assert 'research center specializing in legal studies' in 'theme-b-none-test'
E    +  where 'theme-b-none-test' = &lt;built-in method lower of str object at 0xfb7496d25ca0&gt;()
E    +    where &lt;built-in method lower of str object at 0xfb7496d25ca0&gt; = ('theme-b-none-test').lower
E    +      where 'theme-b-none-test' = &lt;built-in method get of dict object at 0xfb7496d29880&gt;('tagline_en')
E    +        where &lt;built-in method get of dict object at 0xfb7496d29880&gt; = {'_seed_origin': 'admin', 'accent_color': '#B89B5E', 'active_theme': 'B', 'address_ar': 'المملكة العربية السعودية', ...}.get</failure></testcase><testcase classname="backend.tests.test_lizam_phase2.TestHomeContentRefined" name="test_hero_and_mission_vision_and_objectives_fields" time="0.147" /><testcase classname="backend.tests.test_lizam_phase2.TestPublicationsList" name="test_list_limit3_shape_no_content_html" time="0.114" /><testcase classname="backend.tests.test_lizam_phase2.TestPublicationsList" name="test_arabic_search_zaka" time="0.107" /><testcase classname="backend.tests.test_lizam_phase2.TestPublicationsList" name="test_sort_most_viewed_desc" time="0.109" /><testcase classname="backend.tests.test_lizam_phase2.TestPublicationsList" name="test_filter_by_category" time="0.344" /><testcase classname="backend.tests.test_lizam_phase2.TestPublicationsList" name="test_filter_by_pub_type_policy_paper" time="0.103" /><testcase classname="backend.tests.test_lizam_phase2.TestPublicationDetailPublic" name="test_public_pub2_full_content_and_hydration" time="0.526" /><testcase classname="backend.tests.test_lizam_phase2.TestPublicationDetailPublic" name="test_non_existent_slug_returns_404" time="0.105" /><testcase classname="backend.tests.test_lizam_phase2.TestPublicationDetailGated" name="test_preview_login_without_auth_returns_preview" time="0.123" /><testcase classname="backend.tests.test_lizam_phase2.TestPublicationDetailGated" name="test_preview_login_with_admin_auth_returns_full" time="0.058" /><testcase classname="backend.tests.test_lizam_phase2.TestPublicationDetailGated" name="test_registered_without_auth_is_gated_empty" time="0.110" /><testcase classname="backend.tests.test_lizam_phase2.TestPublicationDetailGated" name="test_registered_with_admin_auth_returns_full" time="0.086" /><testcase classname="backend.tests.test_lizam_phase2.TestPdfAccess" name="test_public_pdf_no_auth_returns_url" time="0.131" /><testcase classname="backend.tests.test_lizam_phase2.TestPdfAccess" name="test_login_required_pdf_no_auth_401" time="0.193" /><testcase classname="backend.tests.test_lizam_phase2.TestPdfAccess" name="test_login_required_pdf_with_admin_auth" time="0.051" /><testcase classname="backend.tests.test_lizam_phase2.TestResponsesPlaceholder" name="test_responses_returns_503" time="0.111" /><testcase classname="backend.tests.test_lizam_phase3.TestAuth" name="test_login_sets_httponly_cookies" time="0.335" /><testcase classname="backend.tests.test_lizam_phase3.TestAuth" name="test_me_authed" time="0.386" /><testcase classname="backend.tests.test_lizam_phase3.TestAuth" name="test_me_unauth_401" time="0.107" /><testcase classname="backend.tests.test_lizam_phase3.TestAuth" name="test_admin_overview_role_guards" time="0.162" /><testcase classname="backend.tests.test_lizam_phase3.TestRateLimit" name="test_login_rate_limit_after_burst" time="0.762" /><testcase classname="backend.tests.test_lizam_phase3.TestPublic" name="test_site_settings" time="0.131" /><testcase classname="backend.tests.test_lizam_phase3.TestPublic" name="test_home_content" time="0.109" /><testcase classname="backend.tests.test_lizam_phase3.TestPublic" name="test_publications_list" time="0.107" /><testcase classname="backend.tests.test_lizam_phase3.TestPublic" name="test_publication_detail_full_hydration" time="0.121" /><testcase classname="backend.tests.test_lizam_phase3.TestTokenizedPdf" name="test_public_pdf_returns_stream_url" time="0.115" /><testcase classname="backend.tests.test_lizam_phase3.TestTokenizedPdf" name="test_pdf_stream_rejects_bad_token" time="0.113" /><testcase classname="backend.tests.test_lizam_phase3.TestTokenizedPdf" name="test_login_required_pdf_gated_unauth" time="0.113" /><testcase classname="backend.tests.test_lizam_phase3.TestTokenizedPdf" name="test_login_required_pdf_admin_gets_token" time="0.058" /><testcase classname="backend.tests.test_lizam_phase3.TestTokenizedPdf" name="test_pdf_stream_valid_token_serves_pdf" time="0.131" /><testcase classname="backend.tests.test_lizam_phase3.TestAdminSiteSettings" name="test_get_and_patch_site_settings" time="0.348" /><testcase classname="backend.tests.test_lizam_phase3.TestAdminSiteSettings" name="test_site_settings_requires_auth" time="0.146" /><testcase classname="backend.tests.test_lizam_phase3.TestAdminBranding" name="test_get_and_patch_branding" time="0.099" /><testcase classname="backend.tests.test_lizam_phase3.TestAdminHome" name="test_get_and_patch_home" time="0.146" /><testcase classname="backend.tests.test_lizam_phase3.TestAdminPublicationsCrud" name="test_01_create_sanitizes_html" time="0.057" /><testcase classname="backend.tests.test_lizam_phase3.TestAdminPublicationsCrud" name="test_02_get_persists" time="0.050" /><testcase classname="backend.tests.test_lizam_phase3.TestAdminPublicationsCrud" name="test_03_patch_updates" time="0.050" /><testcase classname="backend.tests.test_lizam_phase3.TestAdminPublicationsCrud" name="test_04_archive_deletes" time="0.106" /><testcase classname="backend.tests.test_lizam_phase3.TestAdminPublicationsCrud" name="test_05_unauth_forbidden" time="0.121" /><testcase classname="backend.tests.test_lizam_phase3.TestAdminAuthors" name="test_create_list_update_delete" time="0.183" /><testcase classname="backend.tests.test_lizam_phase3.TestAdminCategories" name="test_create_list_delete" time="0.151" /><testcase classname="backend.tests.test_lizam_phase3.TestAdminUsersRoles" name="test_list_users" time="0.045" /><testcase classname="backend.tests.test_lizam_phase3.TestAdminUsersRoles" name="test_list_roles" time="0.050" /><testcase classname="backend.tests.test_lizam_phase3.TestAdminToggles" name="test_get_and_patch_toggles" time="0.265" /><testcase classname="backend.tests.test_lizam_phase3.TestSeedIdempotency" name="test_admin_edit_survives_restart" time="3.363" /><testcase classname="backend.tests.test_theme_b" name="test_public_site_settings_has_active_theme" time="0.102" /><testcase classname="backend.tests.test_theme_b" name="test_admin_patch_theme_A_then_B" time="0.641" /><testcase classname="backend.tests.test_theme_b" name="test_admin_patch_invalid_theme_rejected[X]" time="0.047" /><testcase classname="backend.tests.test_theme_b" name="test_admin_patch_invalid_theme_rejected[]" time="0.052" /><testcase classname="backend.tests.test_theme_b" name="test_admin_patch_invalid_theme_rejected[a]" time="0.045" /><testcase classname="backend.tests.test_theme_b" name="test_admin_patch_invalid_theme_rejected[b]" time="0.050" /><testcase classname="backend.tests.test_theme_b" name="test_admin_patch_invalid_theme_rejected[C]" time="0.046" /><testcase classname="backend.tests.test_theme_b" name="test_admin_patch_invalid_theme_rejected[ab]" time="0.047" /><testcase classname="backend.tests.test_theme_b" name="test_admin_patch_none_theme_is_ignored" time="0.295" /><testcase classname="backend.tests.test_theme_b" name="test_seed_idempotency_preserves_admin_theme" time="4.218" /><testcase classname="backend.tests.test_theme_b" name="test_admin_patch_branding_fonts" time="0.049" /></testsuite></testsuites>