<?xml version="1.0" encoding="utf-8"?><testsuites name="pytest tests"><testsuite name="pytest" errors="0" failures="0" skipped="0" tests="11" time="5.391" timestamp="2026-05-02T23:14:25.286559+00:00" hostname="agent-env-1b3680ce-05a8-46af-8734-bf5e8573b370"><testcase classname="backend.tests.test_theme_b" name="test_public_site_settings_has_active_theme" time="0.161" /><testcase classname="backend.tests.test_theme_b" name="test_admin_patch_theme_A_then_B" time="0.693" /><testcase classname="backend.tests.test_theme_b" name="test_admin_patch_invalid_theme_rejected[X]" time="0.052" /><testcase classname="backend.tests.test_theme_b" name="test_admin_patch_invalid_theme_rejected[]" time="0.050" /><testcase classname="backend.tests.test_theme_b" name="test_admin_patch_invalid_theme_rejected[a]" time="0.046" /><testcase classname="backend.tests.test_theme_b" name="test_admin_patch_invalid_theme_rejected[b]" time="0.046" /><testcase classname="backend.tests.test_theme_b" name="test_admin_patch_invalid_theme_rejected[C]" time="0.051" /><testcase classname="backend.tests.test_theme_b" name="test_admin_patch_invalid_theme_rejected[ab]" time="0.049" /><testcase classname="backend.tests.test_theme_b" name="test_admin_patch_none_theme_is_ignored" time="0.257" /><testcase classname="backend.tests.test_theme_b" name="test_seed_idempotency_preserves_admin_theme" time="3.857" /><testcase classname="backend.tests.test_theme_b" name="test_admin_patch_branding_fonts" time="0.050" /></testsuite></testsuites>